This is XeTeX, Version 3.141592653-2.6-0.999997 (TeX Live 2025) (preloaded format=xelatex 2025.5.4)  28 MAY 2025 13:07
entering extended mode
 restricted \write18 enabled.
 file:line:error style messages enabled.
 %&-line parsing enabled.
**main
(./main.tex
LaTeX2e <2024-11-01> patch level 2
L3 programming layer <2025-04-14>
(./cumcmthesis.cls
Document Class: cumcmthesis 2024/07/01 Template for CUMCM, improved from elsewhere
(d:/texlive/texlive/2025/texmf-dist/tex/latex/base/article.cls
Document Class: article 2024/06/29 v1.4n Standard LaTeX document class
(d:/texlive/texlive/2025/texmf-dist/tex/latex/base/size12.clo
File: size12.clo 2024/06/29 v1.4n Standard LaTeX file (size option)
)
\c@part=\count268
\c@section=\count269
\c@subsection=\count270
\c@subsubsection=\count271
\c@paragraph=\count272
\c@subparagraph=\count273
\c@figure=\count274
\c@table=\count275
\abovecaptionskip=\skip49
\belowcaptionskip=\skip50
\bibindent=\dimen146
) (d:/texlive/texlive/2025/texmf-dist/tex/generic/iftex/ifxetex.sty
Package: ifxetex 2019/10/25 v0.7 ifxetex legacy package. Use iftex instead.
 (d:/texlive/texlive/2025/texmf-dist/tex/generic/iftex/iftex.sty
Package: iftex 2024/12/12 v1.0g TeX engine tests
)) (d:/texlive/texlive/2025/texmf-dist/tex/latex/ctex/ctex.sty (d:/texlive/texlive/2025/texmf-dist/tex/latex/l3kernel/expl3.sty
Package: expl3 2025-04-14 L3 programming layer (loader) 
 (d:/texlive/texlive/2025/texmf-dist/tex/latex/l3backend/l3backend-xetex.def
File: l3backend-xetex.def 2025-04-14 L3 backend support: XeTeX
\g__graphics_track_int=\count276
\g__pdfannot_backend_int=\count277
\g__pdfannot_backend_link_int=\count278
))
Package: ctex 2022/07/14 v2.5.10 Chinese adapter in LaTeX (CTEX)
 (d:/texlive/texlive/2025/texmf-dist/tex/latex/ctex/ctexhook.sty
Package: ctexhook 2022/07/14 v2.5.10 Document and package hooks (CTEX)
) (d:/texlive/texlive/2025/texmf-dist/tex/latex/ctex/ctexpatch.sty
Package: ctexpatch 2022/07/14 v2.5.10 Patching commands (CTEX)
) (d:/texlive/texlive/2025/texmf-dist/tex/latex/base/fix-cm.sty
Package: fix-cm 2020/11/24 v1.1t fixes to LaTeX
 (d:/texlive/texlive/2025/texmf-dist/tex/latex/base/ts1enc.def
File: ts1enc.def 2001/06/05 v3.0e (jk/car/fm) Standard LaTeX file
LaTeX Font Info:    Redeclaring font encoding TS1 on input line 47.
))
\l__ctex_tmp_int=\count279
\l__ctex_tmp_box=\box53
\l__ctex_tmp_dim=\dimen147
\g__ctex_section_depth_int=\count280
\g__ctex_font_size_int=\count281
 (d:/texlive/texlive/2025/texmf-dist/tex/latex/ctex/config/ctexopts.cfg
File: ctexopts.cfg 2022/07/14 v2.5.10 Option configuration file (CTEX)
) (d:/texlive/texlive/2025/texmf-dist/tex/latex/ctex/engine/ctex-engine-xetex.def
File: ctex-engine-xetex.def 2022/07/14 v2.5.10 XeLaTeX adapter (CTEX)
 (d:/texlive/texlive/2025/texmf-dist/tex/xelatex/xecjk/xeCJK.sty
Package: xeCJK 2022/08/05 v3.9.1 Typesetting CJK scripts with XeLaTeX
 (d:/texlive/texlive/2025/texmf-dist/tex/latex/l3packages/xtemplate/xtemplate.sty
Package: xtemplate 2024-08-16 L3 Experimental prototype document functions
)
\l__xeCJK_tmp_int=\count282
\l__xeCJK_tmp_box=\box54
\l__xeCJK_tmp_dim=\dimen148
\l__xeCJK_tmp_skip=\skip51
\g__xeCJK_space_factor_int=\count283
\l__xeCJK_begin_int=\count284
\l__xeCJK_end_int=\count285
\c__xeCJK_CJK_class_int=\XeTeXcharclass1
\c__xeCJK_FullLeft_class_int=\XeTeXcharclass2
\c__xeCJK_FullRight_class_int=\XeTeXcharclass3
\c__xeCJK_HalfLeft_class_int=\XeTeXcharclass4
\c__xeCJK_HalfRight_class_int=\XeTeXcharclass5
\c__xeCJK_NormalSpace_class_int=\XeTeXcharclass6
\c__xeCJK_CM_class_int=\XeTeXcharclass7
\c__xeCJK_HangulJamo_class_int=\XeTeXcharclass8
\l__xeCJK_last_skip=\skip52
\c__xeCJK_none_node=\count286
\g__xeCJK_node_int=\count287
\c__xeCJK_CJK_node_dim=\dimen149
\c__xeCJK_CJK-space_node_dim=\dimen150
\c__xeCJK_default_node_dim=\dimen151
\c__xeCJK_CJK-widow_node_dim=\dimen152
\c__xeCJK_normalspace_node_dim=\dimen153
\c__xeCJK_default-space_node_skip=\skip53
\l__xeCJK_ccglue_skip=\skip54
\l__xeCJK_ecglue_skip=\skip55
\l__xeCJK_punct_kern_skip=\skip56
\l__xeCJK_indent_box=\box55
\l__xeCJK_last_penalty_int=\count288
\l__xeCJK_last_bound_dim=\dimen154
\l__xeCJK_last_kern_dim=\dimen155
\l__xeCJK_widow_penalty_int=\count289

LaTeX template Info: Declaring template type 'xeCJK/punctuation' taking 0
(template)           argument(s) on line 2396.

\l__xeCJK_fixed_punct_width_dim=\dimen156
\l__xeCJK_mixed_punct_width_dim=\dimen157
\l__xeCJK_middle_punct_width_dim=\dimen158
\l__xeCJK_fixed_margin_width_dim=\dimen159
\l__xeCJK_mixed_margin_width_dim=\dimen160
\l__xeCJK_middle_margin_width_dim=\dimen161
\l__xeCJK_bound_punct_width_dim=\dimen162
\l__xeCJK_bound_margin_width_dim=\dimen163
\l__xeCJK_margin_minimum_dim=\dimen164
\l__xeCJK_kerning_total_width_dim=\dimen165
\l__xeCJK_same_align_margin_dim=\dimen166
\l__xeCJK_different_align_margin_dim=\dimen167
\l__xeCJK_kerning_margin_width_dim=\dimen168
\l__xeCJK_kerning_margin_minimum_dim=\dimen169
\l__xeCJK_bound_dim=\dimen170
\l__xeCJK_reverse_bound_dim=\dimen171
\l__xeCJK_margin_dim=\dimen172
\l__xeCJK_minimum_bound_dim=\dimen173
\l__xeCJK_kerning_margin_dim=\dimen174
\g__xeCJK_family_int=\count290
\l__xeCJK_fam_int=\count291
\g__xeCJK_fam_allocation_int=\count292
\l__xeCJK_verb_case_int=\count293
\l__xeCJK_verb_exspace_skip=\skip57
 (d:/texlive/texlive/2025/texmf-dist/tex/latex/fontspec/fontspec.sty (d:/texlive/texlive/2025/texmf-dist/tex/latex/l3packages/xparse/xparse.sty
Package: xparse 2024-08-16 L3 Experimental document command parser
)
Package: fontspec 2024/05/11 v2.9e Font selection for XeLaTeX and LuaLaTeX
 (d:/texlive/texlive/2025/texmf-dist/tex/latex/fontspec/fontspec-xetex.sty
Package: fontspec-xetex 2024/05/11 v2.9e Font selection for XeLaTeX and LuaLaTeX
\l__fontspec_script_int=\count294
\l__fontspec_language_int=\count295
\l__fontspec_strnum_int=\count296
\l__fontspec_tmp_int=\count297
\l__fontspec_tmpa_int=\count298
\l__fontspec_tmpb_int=\count299
\l__fontspec_tmpc_int=\count300
\l__fontspec_em_int=\count301
\l__fontspec_emdef_int=\count302
\l__fontspec_strong_int=\count303
\l__fontspec_strongdef_int=\count304
\l__fontspec_tmpa_dim=\dimen175
\l__fontspec_tmpb_dim=\dimen176
\l__fontspec_tmpc_dim=\dimen177
 (d:/texlive/texlive/2025/texmf-dist/tex/latex/base/fontenc.sty
Package: fontenc 2021/04/29 v2.0v Standard LaTeX package
) (d:/texlive/texlive/2025/texmf-dist/tex/latex/fontspec/fontspec.cfg))) (d:/texlive/texlive/2025/texmf-dist/tex/xelatex/xecjk/xeCJK.cfg
File: xeCJK.cfg 2022/08/05 v3.9.1 Configuration file for xeCJK package
))
\ccwd=\dimen178
\l__ctex_ccglue_skip=\skip58
)
\l__ctex_ziju_dim=\dimen179
 (d:/texlive/texlive/2025/texmf-dist/tex/latex/zhnumber/zhnumber.sty
Package: zhnumber 2022/07/14 v3.0 Typesetting numbers with Chinese glyphs
\l__zhnum_scale_int=\count305
\l__zhnum_tmp_int=\count306
 (d:/texlive/texlive/2025/texmf-dist/tex/latex/zhnumber/zhnumber-utf8.cfg
File: zhnumber-utf8.cfg 2022/07/14 v3.0 Chinese numerals with UTF8 encoding
)) (d:/texlive/texlive/2025/texmf-dist/tex/latex/ctex/scheme/ctex-scheme-chinese.def
File: ctex-scheme-chinese.def 2022/07/14 v2.5.10 Chinese scheme for generic (CTEX)
 (d:/texlive/texlive/2025/texmf-dist/tex/latex/ctex/config/ctex-name-utf8.cfg
File: ctex-name-utf8.cfg 2022/07/14 v2.5.10 Caption with encoding UTF-8 (CTEX)
)) (d:/texlive/texlive/2025/texmf-dist/tex/latex/tools/indentfirst.sty
Package: indentfirst 2023/07/02 v1.03 Indent first paragraph (DPC)
) (d:/texlive/texlive/2025/texmf-dist/tex/latex/ctex/ctex-c5size.clo
File: ctex-c5size.clo 2022/07/14 v2.5.10 c5size option (CTEX)
) (d:/texlive/texlive/2025/texmf-dist/tex/latex/ctex/fontset/ctex-fontset-windows.def
File: ctex-fontset-windows.def 2022/07/14 v2.5.10 Windows fonts definition (CTEX)

Package fontspec Info: 
(fontspec)             Could not resolve font "KaiTi/B" (it probably doesn't
(fontspec)             exist).


Package fontspec Info: 
(fontspec)             Could not resolve font "SimHei/I" (it probably doesn't
(fontspec)             exist).


Package fontspec Info: 
(fontspec)             Could not resolve font "SimSun/BI" (it probably doesn't
(fontspec)             exist).


Package fontspec Info: 
(fontspec)             Font family 'SimSun(0)' created for font 'SimSun' with
(fontspec)             options
(fontspec)             [Script={CJK},BoldFont={SimHei},ItalicFont={KaiTi}].
(fontspec)              
(fontspec)              This font family consists of the following NFSS
(fontspec)             series/shapes:
(fontspec)              
(fontspec)             - 'normal' (m/n) with NFSS spec.:
(fontspec)             <->"SimSun/OT:script=hani;language=dflt;"
(fontspec)             - 'bold' (b/n) with NFSS spec.:
(fontspec)             <->"SimHei/OT:script=hani;language=dflt;"
(fontspec)             - 'italic' (m/it) with NFSS spec.:
(fontspec)             <->"KaiTi/OT:script=hani;language=dflt;"

)) (d:/texlive/texlive/2025/texmf-dist/tex/latex/ctex/config/ctex.cfg
File: ctex.cfg 2022/07/14 v2.5.10 Configuration file (CTEX)
) (d:/texlive/texlive/2025/texmf-dist/tex/latex/geometry/geometry.sty
Package: geometry 2020/01/02 v5.9 Page Geometry
 (d:/texlive/texlive/2025/texmf-dist/tex/latex/graphics/keyval.sty
Package: keyval 2022/05/29 v1.15 key=value parser (DPC)
\KV@toks@=\toks17
) (d:/texlive/texlive/2025/texmf-dist/tex/generic/iftex/ifvtex.sty
Package: ifvtex 2019/10/25 v1.7 ifvtex legacy package. Use iftex instead.
)
\Gm@cnth=\count307
\Gm@cntv=\count308
\c@Gm@tempcnt=\count309
\Gm@bindingoffset=\dimen180
\Gm@wd@mp=\dimen181
\Gm@odd@mp=\dimen182
\Gm@even@mp=\dimen183
\Gm@layoutwidth=\dimen184
\Gm@layoutheight=\dimen185
\Gm@layouthoffset=\dimen186
\Gm@layoutvoffset=\dimen187
\Gm@dimlist=\toks18
) (d:/texlive/texlive/2025/texmf-dist/tex/latex/amsmath/amsmath.sty
Package: amsmath 2024/11/05 v2.17t AMS math features
\@mathmargin=\skip59

For additional information on amsmath, use the `?' option.
(d:/texlive/texlive/2025/texmf-dist/tex/latex/amsmath/amstext.sty
Package: amstext 2021/08/26 v2.01 AMS text
 (d:/texlive/texlive/2025/texmf-dist/tex/latex/amsmath/amsgen.sty
File: amsgen.sty 1999/11/30 v2.0 generic functions
\@emptytoks=\toks19
\ex@=\dimen188
)) (d:/texlive/texlive/2025/texmf-dist/tex/latex/amsmath/amsbsy.sty
Package: amsbsy 1999/11/29 v1.2d Bold Symbols
\pmbraise@=\dimen189
) (d:/texlive/texlive/2025/texmf-dist/tex/latex/amsmath/amsopn.sty
Package: amsopn 2022/04/08 v2.04 operator names
)
\inf@bad=\count310
LaTeX Info: Redefining \frac on input line 233.
\uproot@=\count311
\leftroot@=\count312
LaTeX Info: Redefining \overline on input line 398.
LaTeX Info: Redefining \colon on input line 409.
\classnum@=\count313
\DOTSCASE@=\count314
LaTeX Info: Redefining \ldots on input line 495.
LaTeX Info: Redefining \dots on input line 498.
LaTeX Info: Redefining \cdots on input line 619.
\Mathstrutbox@=\box56
\strutbox@=\box57
LaTeX Info: Redefining \big on input line 721.
LaTeX Info: Redefining \Big on input line 722.
LaTeX Info: Redefining \bigg on input line 723.
LaTeX Info: Redefining \Bigg on input line 724.
\big@size=\dimen190
LaTeX Font Info:    Redeclaring font encoding OML on input line 742.
LaTeX Font Info:    Redeclaring font encoding OMS on input line 743.
\macc@depth=\count315
LaTeX Info: Redefining \bmod on input line 904.
LaTeX Info: Redefining \pmod on input line 909.
LaTeX Info: Redefining \smash on input line 939.
LaTeX Info: Redefining \relbar on input line 969.
LaTeX Info: Redefining \Relbar on input line 970.
\c@MaxMatrixCols=\count316
\dotsspace@=\muskip17
\c@parentequation=\count317
\dspbrk@lvl=\count318
\tag@help=\toks20
\row@=\count319
\column@=\count320
\maxfields@=\count321
\andhelp@=\toks21
\eqnshift@=\dimen191
\alignsep@=\dimen192
\tagshift@=\dimen193
\tagwidth@=\dimen194
\totwidth@=\dimen195
\lineht@=\dimen196
\@envbody=\toks22
\multlinegap=\skip60
\multlinetaggap=\skip61
\mathdisplay@stack=\toks23
LaTeX Info: Redefining \[ on input line 2953.
LaTeX Info: Redefining \] on input line 2954.
) (d:/texlive/texlive/2025/texmf-dist/tex/latex/amsfonts/amsfonts.sty
Package: amsfonts 2013/01/14 v3.01 Basic AMSFonts support
\symAMSa=\mathgroup4
\symAMSb=\mathgroup5
LaTeX Font Info:    Redeclaring math symbol \hbar on input line 98.
LaTeX Font Info:    Overwriting math alphabet `\mathfrak' in version `bold'
(Font)                  U/euf/m/n --> U/euf/b/n on input line 106.
) (d:/texlive/texlive/2025/texmf-dist/tex/latex/amsfonts/amssymb.sty
Package: amssymb 2013/01/14 v3.01 AMS font symbols
) (d:/texlive/texlive/2025/texmf-dist/tex/latex/tools/bm.sty
Package: bm 2023/12/19 v1.2f Bold Symbol Support (DPC/FMi)
\symboldoperators=\mathgroup6
\symboldletters=\mathgroup7
\symboldsymbols=\mathgroup8
Package bm Info: No bold for \OMX/cmex/m/n, using \pmb.
Package bm Info: No bold for \U/msa/m/n, using \pmb.
Package bm Info: No bold for \U/msb/m/n, using \pmb.
LaTeX Font Info:    Redeclaring math alphabet \mathbf on input line 149.
) (d:/texlive/texlive/2025/texmf-dist/tex/latex/xcolor/xcolor.sty
Package: xcolor 2024/09/29 v3.02 LaTeX color extensions (UK)
 (d:/texlive/texlive/2025/texmf-dist/tex/latex/graphics-cfg/color.cfg
File: color.cfg 2016/01/02 v1.6 sample color configuration
)
Package xcolor Info: Driver file: xetex.def on input line 274.
 (d:/texlive/texlive/2025/texmf-dist/tex/latex/graphics-def/xetex.def
File: xetex.def 2022/09/22 v5.0n Graphics/color driver for xetex
) (d:/texlive/texlive/2025/texmf-dist/tex/latex/graphics/mathcolor.ltx)
Package xcolor Info: Model `cmy' substituted by `cmy0' on input line 1349.
Package xcolor Info: Model `RGB' extended on input line 1365.
Package xcolor Info: Model `HTML' substituted by `rgb' on input line 1367.
Package xcolor Info: Model `Hsb' substituted by `hsb' on input line 1368.
Package xcolor Info: Model `tHsb' substituted by `hsb' on input line 1369.
Package xcolor Info: Model `HSB' substituted by `hsb' on input line 1370.
Package xcolor Info: Model `Gray' substituted by `gray' on input line 1371.
Package xcolor Info: Model `wave' substituted by `hsb' on input line 1372.
) (d:/texlive/texlive/2025/texmf-dist/tex/latex/graphics/graphicx.sty
Package: graphicx 2021/09/16 v1.2d Enhanced LaTeX Graphics (DPC,SPQR)
 (d:/texlive/texlive/2025/texmf-dist/tex/latex/graphics/graphics.sty
Package: graphics 2024/08/06 v1.4g Standard LaTeX Graphics (DPC,SPQR)
 (d:/texlive/texlive/2025/texmf-dist/tex/latex/graphics/trig.sty
Package: trig 2023/12/02 v1.11 sin cos tan (DPC)
) (d:/texlive/texlive/2025/texmf-dist/tex/latex/graphics-cfg/graphics.cfg
File: graphics.cfg 2016/06/04 v1.11 sample graphics configuration
)
Package graphics Info: Driver file: xetex.def on input line 106.
)
\Gin@req@height=\dimen197
\Gin@req@width=\dimen198
) (d:/texlive/texlive/2025/texmf-dist/tex/latex/float/float.sty
Package: float 2001/11/08 v1.3d Float enhancements (AL)
\c@float@type=\count322
\float@exts=\toks24
\float@box=\box58
\@float@everytoks=\toks25
\@floatcapt=\box59
) (d:/texlive/texlive/2025/texmf-dist/tex/latex/tools/array.sty
Package: array 2024/10/17 v2.6g Tabular extension package (FMi)
\col@sep=\dimen199
\ar@mcellbox=\box60
\extrarowheight=\dimen256
\NC@list=\toks26
\extratabsurround=\skip62
\backup@length=\skip63
\ar@cellbox=\box61
) (d:/texlive/texlive/2025/texmf-dist/tex/latex/tools/longtable.sty
Package: longtable 2024-10-27 v4.22 Multi-page Table package (DPC)
\LTleft=\skip64
\LTright=\skip65
\LTpre=\skip66
\LTpost=\skip67
\LTchunksize=\count323
\LTcapwidth=\dimen257
\LT@head=\box62
\LT@firsthead=\box63
\LT@foot=\box64
\LT@lastfoot=\box65
\LT@gbox=\box66
\LT@cols=\count324
\LT@rows=\count325
\c@LT@tables=\count326
\c@LT@chunks=\count327
\LT@p@ftn=\toks27
) (d:/texlive/texlive/2025/texmf-dist/tex/latex/booktabs/booktabs.sty
Package: booktabs 2020/01/12 v1.61803398 Publication quality tables
\heavyrulewidth=\dimen258
\lightrulewidth=\dimen259
\cmidrulewidth=\dimen260
\belowrulesep=\dimen261
\belowbottomsep=\dimen262
\aboverulesep=\dimen263
\abovetopsep=\dimen264
\cmidrulesep=\dimen265
\cmidrulekern=\dimen266
\defaultaddspace=\dimen267
\@cmidla=\count328
\@cmidlb=\count329
\@aboverulesep=\dimen268
\@belowrulesep=\dimen269
\@thisruleclass=\count330
\@lastruleclass=\count331
\@thisrulewidth=\dimen270
) (d:/texlive/texlive/2025/texmf-dist/tex/latex/tools/tabularx.sty
Package: tabularx 2023/12/11 v2.12a `tabularx' package (DPC)
\TX@col@width=\dimen271
\TX@old@table=\dimen272
\TX@old@col=\dimen273
\TX@target=\dimen274
\TX@delta=\dimen275
\TX@cols=\count332
\TX@ftn=\toks28
) (d:/texlive/texlive/2025/texmf-dist/tex/latex/multirow/multirow.sty
Package: multirow 2024/11/12 v2.9 Span multiple rows of a table
\multirow@colwidth=\skip68
\multirow@cntb=\count333
\multirow@dima=\skip69
\bigstrutjot=\dimen276
) (d:/texlive/texlive/2025/texmf-dist/tex/latex/multirow/bigstrut.sty
Package: bigstrut 2024/11/12 v2.9 Provide larger struts in tabulars
) (d:/texlive/texlive/2025/texmf-dist/tex/latex/multirow/bigdelim.sty
Package: bigdelim 2024/11/12 v2.9 Create big delimiters in tabular or array
) (d:/texlive/texlive/2025/texmf-dist/tex/latex/cprotect/cprotect.sty
Package: cprotect 2011/01/27 v1.0e (Bruno Le Floch)
 (d:/texlive/texlive/2025/texmf-dist/tex/latex/base/ifthen.sty
Package: ifthen 2024/03/16 v1.1e Standard LaTeX ifthen package (DPC)
) (d:/texlive/texlive/2025/texmf-dist/tex/latex/bigfoot/suffix.sty
Package: suffix 2006/07/15 1.5a Variant command support
)
\CPT@WriteOut=\write3
\c@CPT@WriteCount=\count334
\c@CPT@numB=\count335
\CPT@commandatend@toks=\toks29
) (d:/texlive/texlive/2025/texmf-dist/tex/latex/listings/listings.sty
\lst@mode=\count336
\lst@gtempboxa=\box67
\lst@token=\toks30
\lst@length=\count337
\lst@currlwidth=\dimen277
\lst@column=\count338
\lst@pos=\count339
\lst@lostspace=\dimen278
\lst@width=\dimen279
\lst@newlines=\count340
\lst@lineno=\count341
\lst@maxwidth=\dimen280
 (d:/texlive/texlive/2025/texmf-dist/tex/latex/listings/lstpatch.sty
File: lstpatch.sty 2024/09/23 1.10c (Carsten Heinz)
) (d:/texlive/texlive/2025/texmf-dist/tex/latex/listings/lstmisc.sty
File: lstmisc.sty 2024/09/23 1.10c (Carsten Heinz)
\c@lstnumber=\count342
\lst@skipnumbers=\count343
\lst@framebox=\box68
) (d:/texlive/texlive/2025/texmf-dist/tex/latex/listings/listings.cfg
File: listings.cfg 2024/09/23 1.10c listings configuration
))
Package: listings 2024/09/23 1.10c (Carsten Heinz)
 (d:/texlive/texlive/2025/texmf-dist/tex/xelatex/xecjk/xeCJK-listings.sty
Package: xeCJK-listings 2022/08/05 v3.9.1 xeCJK patch file for listings
\l__xeCJK_listings_max_char_int=\count344
\l__xeCJK_listings_flag_int=\count345
) (d:/texlive/texlive/2025/texmf-dist/tex/latex/url/url.sty
\Urlmuskip=\muskip18
Package: url 2013/09/16  ver 3.4  Verb mode for urls, etc.
) (d:/texlive/texlive/2025/texmf-dist/tex/latex/caption/subcaption.sty
Package: subcaption 2023/07/28 v1.6b Sub-captions (AR)
 (d:/texlive/texlive/2025/texmf-dist/tex/latex/caption/caption.sty
Package: caption 2023/08/05 v3.6o Customizing captions (AR)
 (d:/texlive/texlive/2025/texmf-dist/tex/latex/caption/caption3.sty
Package: caption3 2023/07/31 v2.4d caption3 kernel (AR)
\caption@tempdima=\dimen281
\captionmargin=\dimen282
\caption@leftmargin=\dimen283
\caption@rightmargin=\dimen284
\caption@width=\dimen285
\caption@indent=\dimen286
\caption@parindent=\dimen287
\caption@hangindent=\dimen288
Package caption Info: Standard document class detected.
)
\c@caption@flags=\count346
\c@continuedfloat=\count347
Package caption Info: float package is loaded.
Package caption Info: listings package is loaded.
Package caption Info: longtable package is loaded.
 (d:/texlive/texlive/2025/texmf-dist/tex/latex/caption/ltcaption.sty
Package: ltcaption 2021/01/08 v1.4c longtable captions (AR)
))
Package caption Info: New subtype `subfigure' on input line 238.
\c@subfigure=\count348
Package caption Info: New subtype `subtable' on input line 238.
\c@subtable=\count349
) (d:/texlive/texlive/2025/texmf-dist/tex/latex/fancyvrb/fancyvrb.sty
Package: fancyvrb 2024/01/20 4.5c verbatim text (tvz,hv)
\FV@CodeLineNo=\count350
\FV@InFile=\read2
\FV@TabBox=\box69
\c@FancyVerbLine=\count351
\FV@StepNumber=\count352
\FV@OutFile=\write4
) (d:/texlive/texlive/2025/texmf-dist/tex/latex/lipsum/lipsum.sty (d:/texlive/texlive/2025/texmf-dist/tex/latex/l3packages/l3keys2e/l3keys2e.sty
Package: l3keys2e 2024-08-16 LaTeX2e option processing using LaTeX3 keys
)
Package: lipsum 2021-09-20 v2.7 150 paragraphs of Lorem Ipsum dummy text
\g__lipsum_par_int=\count353
\l__lipsum_a_int=\count354
\l__lipsum_b_int=\count355
 (d:/texlive/texlive/2025/texmf-dist/tex/latex/lipsum/lipsum.ltd.tex)) (d:/texlive/texlive/2025/texmf-dist/tex/latex/tools/enumerate.sty
Package: enumerate 2023/07/04 v3.00 enumerate extensions (DPC)
\@enLab=\toks31
) (d:/texlive/texlive/2025/texmf-dist/tex/latex/colortbl/colortbl.sty
Package: colortbl 2024/07/06 v1.0i Color table columns (DPC)
\everycr=\toks32
\minrowclearance=\skip70
\rownum=\count356
) (d:/texlive/texlive/2025/texmf-dist/tex/latex/algorithm2e/algorithm2e.sty
Invalid UTF-8 byte or sequence at line 284 replaced by U+FFFD.
Invalid UTF-8 byte or sequence at line 299 replaced by U+FFFD.
Invalid UTF-8 byte or sequence at line 550 replaced by U+FFFD.
Package: algorithm2e 2017/07/18 v5.2 algorithms environments
\c@AlgoLine=\count357
\algocf@hangindent=\skip71
 (d:/texlive/texlive/2025/texmf-dist/tex/latex/ifoddpage/ifoddpage.sty
Package: ifoddpage 2022/10/18 v1.2 Conditionals for odd/even page detection
\c@checkoddpage=\count358
) (d:/texlive/texlive/2025/texmf-dist/tex/latex/tools/xspace.sty
Package: xspace 2014/10/28 v1.13 Space after command names (DPC,MH)
) (d:/texlive/texlive/2025/texmf-dist/tex/latex/relsize/relsize.sty
Package: relsize 2013/03/29 ver 4.1
)
\skiptotal=\skip72
\skiplinenumber=\skip73
\skiprule=\skip74
\skiphlne=\skip75
\skiptext=\skip76
\skiplength=\skip77
\algomargin=\skip78
\skipalgocfslide=\skip79
\algowidth=\dimen289
\inoutsize=\dimen290
\inoutindent=\dimen291
\interspacetitleruled=\dimen292
\interspacealgoruled=\dimen293
\interspacetitleboxruled=\dimen294
\algocf@ruledwidth=\skip80
\algocf@inoutbox=\box70
\algocf@inputbox=\box71
\AlCapSkip=\skip81
\AlCapHSkip=\skip82
\algoskipindent=\skip83
\algocf@nlbox=\box72
\algocf@hangingbox=\box73
\algocf@untilbox=\box74
\algocf@skipuntil=\skip84
\algocf@capbox=\box75
\algocf@lcaptionbox=\skip85
\algoheightruledefault=\skip86
\algoheightrule=\skip87
\algotitleheightruledefault=\skip88
\algotitleheightrule=\skip89
\c@algocfline=\count359
\c@algocfproc=\count360
\c@algocf=\count361
\algocf@algoframe=\box76
\algocf@algobox=\box77
) (d:/texlive/texlive/2025/texmf-dist/tex/latex/pdfpages/pdfpages.sty
Package: pdfpages 2025/03/12 v0.6f Insert pages of external PDF documents (AM)
 (d:/texlive/texlive/2025/texmf-dist/tex/latex/tools/calc.sty
Package: calc 2023/07/08 v4.3 Infix arithmetic (KKT,FJ)
\calc@Acount=\count362
\calc@Bcount=\count363
\calc@Adimen=\dimen295
\calc@Bdimen=\dimen296
\calc@Askip=\skip90
\calc@Bskip=\skip91
LaTeX Info: Redefining \setlength on input line 80.
LaTeX Info: Redefining \addtolength on input line 81.
\calc@Ccount=\count364
\calc@Cskip=\skip92
) (d:/texlive/texlive/2025/texmf-dist/tex/latex/eso-pic/eso-pic.sty
Package: eso-pic 2023/05/03 v3.0c eso-pic (RN)
\ESO@tempdima=\dimen297
\ESO@tempdimb=\dimen298
) (d:/texlive/texlive/2025/texmf-dist/tex/latex/etoolbox/etoolbox.sty
Package: etoolbox 2025/02/11 v2.5l e-TeX tools for LaTeX (JAW)
\etb@tempcnta=\count365
)
\AM@pagewidth=\dimen299
\AM@pageheight=\dimen300
\AM@fboxrule=\dimen301
 (d:/texlive/texlive/2025/texmf-dist/tex/latex/pdfpages/ppxetex.def
File: ppxetex.def 2025/03/12 v0.6f Pdfpages driver for XeTeX (AM)
)
\pdfpages@includegraphics@status=\count366
\AM@pagebox=\box78
\AM@global@opts=\toks33
\AM@pagecnt=\count367
\AM@toc@title=\toks34
\AM@lof@heading=\toks35
\c@AM@survey=\count368
\AM@templatesizebox=\box79
) (d:/texlive/texlive/2025/texmf-dist/tex/latex/tcolorbox/tcolorbox.sty
Package: tcolorbox 2024/10/22 version 6.4.1 text color boxes
 (d:/texlive/texlive/2025/texmf-dist/tex/latex/pgf/frontendlayer/tikz.sty (d:/texlive/texlive/2025/texmf-dist/tex/latex/pgf/basiclayer/pgf.sty (d:/texlive/texlive/2025/texmf-dist/tex/latex/pgf/utilities/pgfrcs.sty (d:/texlive/texlive/2025/texmf-dist/tex/generic/pgf/utilities/pgfutil-common.tex
\pgfutil@everybye=\toks36
\pgfutil@tempdima=\dimen302
\pgfutil@tempdimb=\dimen303
) (d:/texlive/texlive/2025/texmf-dist/tex/generic/pgf/utilities/pgfutil-latex.def
\pgfutil@abb=\box80
) (d:/texlive/texlive/2025/texmf-dist/tex/generic/pgf/utilities/pgfrcs.code.tex (d:/texlive/texlive/2025/texmf-dist/tex/generic/pgf/pgf.revision.tex)
Package: pgfrcs 2023-01-15 v3.1.10 (3.1.10)
))
Package: pgf 2023-01-15 v3.1.10 (3.1.10)
 (d:/texlive/texlive/2025/texmf-dist/tex/latex/pgf/basiclayer/pgfcore.sty (d:/texlive/texlive/2025/texmf-dist/tex/latex/pgf/systemlayer/pgfsys.sty (d:/texlive/texlive/2025/texmf-dist/tex/generic/pgf/systemlayer/pgfsys.code.tex
Package: pgfsys 2023-01-15 v3.1.10 (3.1.10)
 (d:/texlive/texlive/2025/texmf-dist/tex/generic/pgf/utilities/pgfkeys.code.tex
\pgfkeys@pathtoks=\toks37
\pgfkeys@temptoks=\toks38
 (d:/texlive/texlive/2025/texmf-dist/tex/generic/pgf/utilities/pgfkeyslibraryfiltered.code.tex
\pgfkeys@tmptoks=\toks39
))
\pgf@x=\dimen304
\pgf@y=\dimen305
\pgf@xa=\dimen306
\pgf@ya=\dimen307
\pgf@xb=\dimen308
\pgf@yb=\dimen309
\pgf@xc=\dimen310
\pgf@yc=\dimen311
\pgf@xd=\dimen312
\pgf@yd=\dimen313
\w@pgf@writea=\write5
\r@pgf@reada=\read3
\c@pgf@counta=\count369
\c@pgf@countb=\count370
\c@pgf@countc=\count371
\c@pgf@countd=\count372
\t@pgf@toka=\toks40
\t@pgf@tokb=\toks41
\t@pgf@tokc=\toks42
\pgf@sys@id@count=\count373
 (d:/texlive/texlive/2025/texmf-dist/tex/generic/pgf/systemlayer/pgf.cfg
File: pgf.cfg 2023-01-15 v3.1.10 (3.1.10)
)
Driver file for pgf: pgfsys-xetex.def
 (d:/texlive/texlive/2025/texmf-dist/tex/generic/pgf/systemlayer/pgfsys-xetex.def
File: pgfsys-xetex.def 2023-01-15 v3.1.10 (3.1.10)
 (d:/texlive/texlive/2025/texmf-dist/tex/generic/pgf/systemlayer/pgfsys-dvipdfmx.def
File: pgfsys-dvipdfmx.def 2023-01-15 v3.1.10 (3.1.10)
 (d:/texlive/texlive/2025/texmf-dist/tex/generic/pgf/systemlayer/pgfsys-common-pdf.def
File: pgfsys-common-pdf.def 2023-01-15 v3.1.10 (3.1.10)
)
\pgfsys@objnum=\count374
))) (d:/texlive/texlive/2025/texmf-dist/tex/generic/pgf/systemlayer/pgfsyssoftpath.code.tex
File: pgfsyssoftpath.code.tex 2023-01-15 v3.1.10 (3.1.10)
\pgfsyssoftpath@smallbuffer@items=\count375
\pgfsyssoftpath@bigbuffer@items=\count376
) (d:/texlive/texlive/2025/texmf-dist/tex/generic/pgf/systemlayer/pgfsysprotocol.code.tex
File: pgfsysprotocol.code.tex 2023-01-15 v3.1.10 (3.1.10)
)) (d:/texlive/texlive/2025/texmf-dist/tex/generic/pgf/basiclayer/pgfcore.code.tex
Package: pgfcore 2023-01-15 v3.1.10 (3.1.10)
 (d:/texlive/texlive/2025/texmf-dist/tex/generic/pgf/math/pgfmath.code.tex (d:/texlive/texlive/2025/texmf-dist/tex/generic/pgf/math/pgfmathutil.code.tex) (d:/texlive/texlive/2025/texmf-dist/tex/generic/pgf/math/pgfmathparser.code.tex
\pgfmath@dimen=\dimen314
\pgfmath@count=\count377
\pgfmath@box=\box81
\pgfmath@toks=\toks43
\pgfmath@stack@operand=\toks44
\pgfmath@stack@operation=\toks45
) (d:/texlive/texlive/2025/texmf-dist/tex/generic/pgf/math/pgfmathfunctions.code.tex) (d:/texlive/texlive/2025/texmf-dist/tex/generic/pgf/math/pgfmathfunctions.basic.code.tex) (d:/texlive/texlive/2025/texmf-dist/tex/generic/pgf/math/pgfmathfunctions.trigonometric.code.tex) (d:/texlive/texlive/2025/texmf-dist/tex/generic/pgf/math/pgfmathfunctions.random.code.tex) (d:/texlive/texlive/2025/texmf-dist/tex/generic/pgf/math/pgfmathfunctions.comparison.code.tex) (d:/texlive/texlive/2025/texmf-dist/tex/generic/pgf/math/pgfmathfunctions.base.code.tex) (d:/texlive/texlive/2025/texmf-dist/tex/generic/pgf/math/pgfmathfunctions.round.code.tex) (d:/texlive/texlive/2025/texmf-dist/tex/generic/pgf/math/pgfmathfunctions.misc.code.tex) (d:/texlive/texlive/2025/texmf-dist/tex/generic/pgf/math/pgfmathfunctions.integerarithmetics.code.tex) (d:/texlive/texlive/2025/texmf-dist/tex/generic/pgf/math/pgfmathcalc.code.tex) (d:/texlive/texlive/2025/texmf-dist/tex/generic/pgf/math/pgfmathfloat.code.tex
\c@pgfmathroundto@lastzeros=\count378
)) (d:/texlive/texlive/2025/texmf-dist/tex/generic/pgf/math/pgfint.code.tex) (d:/texlive/texlive/2025/texmf-dist/tex/generic/pgf/basiclayer/pgfcorepoints.code.tex
File: pgfcorepoints.code.tex 2023-01-15 v3.1.10 (3.1.10)
\pgf@picminx=\dimen315
\pgf@picmaxx=\dimen316
\pgf@picminy=\dimen317
\pgf@picmaxy=\dimen318
\pgf@pathminx=\dimen319
\pgf@pathmaxx=\dimen320
\pgf@pathminy=\dimen321
\pgf@pathmaxy=\dimen322
\pgf@xx=\dimen323
\pgf@xy=\dimen324
\pgf@yx=\dimen325
\pgf@yy=\dimen326
\pgf@zx=\dimen327
\pgf@zy=\dimen328
) (d:/texlive/texlive/2025/texmf-dist/tex/generic/pgf/basiclayer/pgfcorepathconstruct.code.tex
File: pgfcorepathconstruct.code.tex 2023-01-15 v3.1.10 (3.1.10)
\pgf@path@lastx=\dimen329
\pgf@path@lasty=\dimen330
) (d:/texlive/texlive/2025/texmf-dist/tex/generic/pgf/basiclayer/pgfcorepathusage.code.tex
File: pgfcorepathusage.code.tex 2023-01-15 v3.1.10 (3.1.10)
\pgf@shorten@end@additional=\dimen331
\pgf@shorten@start@additional=\dimen332
) (d:/texlive/texlive/2025/texmf-dist/tex/generic/pgf/basiclayer/pgfcorescopes.code.tex
File: pgfcorescopes.code.tex 2023-01-15 v3.1.10 (3.1.10)
\pgfpic=\box82
\pgf@hbox=\box83
\pgf@layerbox@main=\box84
\pgf@picture@serial@count=\count379
) (d:/texlive/texlive/2025/texmf-dist/tex/generic/pgf/basiclayer/pgfcoregraphicstate.code.tex
File: pgfcoregraphicstate.code.tex 2023-01-15 v3.1.10 (3.1.10)
\pgflinewidth=\dimen333
) (d:/texlive/texlive/2025/texmf-dist/tex/generic/pgf/basiclayer/pgfcoretransformations.code.tex
File: pgfcoretransformations.code.tex 2023-01-15 v3.1.10 (3.1.10)
\pgf@pt@x=\dimen334
\pgf@pt@y=\dimen335
\pgf@pt@temp=\dimen336
) (d:/texlive/texlive/2025/texmf-dist/tex/generic/pgf/basiclayer/pgfcorequick.code.tex
File: pgfcorequick.code.tex 2023-01-15 v3.1.10 (3.1.10)
) (d:/texlive/texlive/2025/texmf-dist/tex/generic/pgf/basiclayer/pgfcoreobjects.code.tex
File: pgfcoreobjects.code.tex 2023-01-15 v3.1.10 (3.1.10)
) (d:/texlive/texlive/2025/texmf-dist/tex/generic/pgf/basiclayer/pgfcorepathprocessing.code.tex
File: pgfcorepathprocessing.code.tex 2023-01-15 v3.1.10 (3.1.10)
) (d:/texlive/texlive/2025/texmf-dist/tex/generic/pgf/basiclayer/pgfcorearrows.code.tex
File: pgfcorearrows.code.tex 2023-01-15 v3.1.10 (3.1.10)
\pgfarrowsep=\dimen337
) (d:/texlive/texlive/2025/texmf-dist/tex/generic/pgf/basiclayer/pgfcoreshade.code.tex
File: pgfcoreshade.code.tex 2023-01-15 v3.1.10 (3.1.10)
\pgf@max=\dimen338
\pgf@sys@shading@range@num=\count380
\pgf@shadingcount=\count381
) (d:/texlive/texlive/2025/texmf-dist/tex/generic/pgf/basiclayer/pgfcoreimage.code.tex
File: pgfcoreimage.code.tex 2023-01-15 v3.1.10 (3.1.10)
) (d:/texlive/texlive/2025/texmf-dist/tex/generic/pgf/basiclayer/pgfcoreexternal.code.tex
File: pgfcoreexternal.code.tex 2023-01-15 v3.1.10 (3.1.10)
\pgfexternal@startupbox=\box85
) (d:/texlive/texlive/2025/texmf-dist/tex/generic/pgf/basiclayer/pgfcorelayers.code.tex
File: pgfcorelayers.code.tex 2023-01-15 v3.1.10 (3.1.10)
) (d:/texlive/texlive/2025/texmf-dist/tex/generic/pgf/basiclayer/pgfcoretransparency.code.tex
File: pgfcoretransparency.code.tex 2023-01-15 v3.1.10 (3.1.10)
) (d:/texlive/texlive/2025/texmf-dist/tex/generic/pgf/basiclayer/pgfcorepatterns.code.tex
File: pgfcorepatterns.code.tex 2023-01-15 v3.1.10 (3.1.10)
) (d:/texlive/texlive/2025/texmf-dist/tex/generic/pgf/basiclayer/pgfcorerdf.code.tex
File: pgfcorerdf.code.tex 2023-01-15 v3.1.10 (3.1.10)
))) (d:/texlive/texlive/2025/texmf-dist/tex/generic/pgf/modules/pgfmoduleshapes.code.tex
File: pgfmoduleshapes.code.tex 2023-01-15 v3.1.10 (3.1.10)
\pgfnodeparttextbox=\box86
) (d:/texlive/texlive/2025/texmf-dist/tex/generic/pgf/modules/pgfmoduleplot.code.tex
File: pgfmoduleplot.code.tex 2023-01-15 v3.1.10 (3.1.10)
) (d:/texlive/texlive/2025/texmf-dist/tex/latex/pgf/compatibility/pgfcomp-version-0-65.sty
Package: pgfcomp-version-0-65 2023-01-15 v3.1.10 (3.1.10)
\pgf@nodesepstart=\dimen339
\pgf@nodesepend=\dimen340
) (d:/texlive/texlive/2025/texmf-dist/tex/latex/pgf/compatibility/pgfcomp-version-1-18.sty
Package: pgfcomp-version-1-18 2023-01-15 v3.1.10 (3.1.10)
)) (d:/texlive/texlive/2025/texmf-dist/tex/latex/pgf/utilities/pgffor.sty (d:/texlive/texlive/2025/texmf-dist/tex/latex/pgf/utilities/pgfkeys.sty (d:/texlive/texlive/2025/texmf-dist/tex/generic/pgf/utilities/pgfkeys.code.tex)) (d:/texlive/texlive/2025/texmf-dist/tex/latex/pgf/math/pgfmath.sty (d:/texlive/texlive/2025/texmf-dist/tex/generic/pgf/math/pgfmath.code.tex)) (d:/texlive/texlive/2025/texmf-dist/tex/generic/pgf/utilities/pgffor.code.tex
Package: pgffor 2023-01-15 v3.1.10 (3.1.10)
\pgffor@iter=\dimen341
\pgffor@skip=\dimen342
\pgffor@stack=\toks46
\pgffor@toks=\toks47
)) (d:/texlive/texlive/2025/texmf-dist/tex/generic/pgf/frontendlayer/tikz/tikz.code.tex
Package: tikz 2023-01-15 v3.1.10 (3.1.10)
 (d:/texlive/texlive/2025/texmf-dist/tex/generic/pgf/libraries/pgflibraryplothandlers.code.tex
File: pgflibraryplothandlers.code.tex 2023-01-15 v3.1.10 (3.1.10)
\pgf@plot@mark@count=\count382
\pgfplotmarksize=\dimen343
)
\tikz@lastx=\dimen344
\tikz@lasty=\dimen345
\tikz@lastxsaved=\dimen346
\tikz@lastysaved=\dimen347
\tikz@lastmovetox=\dimen348
\tikz@lastmovetoy=\dimen349
\tikzleveldistance=\dimen350
\tikzsiblingdistance=\dimen351
\tikz@figbox=\box87
\tikz@figbox@bg=\box88
\tikz@tempbox=\box89
\tikz@tempbox@bg=\box90
\tikztreelevel=\count383
\tikznumberofchildren=\count384
\tikznumberofcurrentchild=\count385
\tikz@fig@count=\count386
 (d:/texlive/texlive/2025/texmf-dist/tex/generic/pgf/modules/pgfmodulematrix.code.tex
File: pgfmodulematrix.code.tex 2023-01-15 v3.1.10 (3.1.10)
\pgfmatrixcurrentrow=\count387
\pgfmatrixcurrentcolumn=\count388
\pgf@matrix@numberofcolumns=\count389
)
\tikz@expandcount=\count390
 (d:/texlive/texlive/2025/texmf-dist/tex/generic/pgf/frontendlayer/tikz/libraries/tikzlibrarytopaths.code.tex
File: tikzlibrarytopaths.code.tex 2023-01-15 v3.1.10 (3.1.10)
))) (d:/texlive/texlive/2025/texmf-dist/tex/latex/tools/verbatim.sty
Package: verbatim 2024-01-22 v1.5x LaTeX2e package for verbatim enhancements
\every@verbatim=\toks48
\verbatim@line=\toks49
\verbatim@in@stream=\read4
) (d:/texlive/texlive/2025/texmf-dist/tex/latex/environ/environ.sty
Package: environ 2014/05/04 v0.3 A new way to define environments
 (d:/texlive/texlive/2025/texmf-dist/tex/latex/trimspaces/trimspaces.sty
Package: trimspaces 2009/09/17 v1.1 Trim spaces around a token list
))
\tcb@titlebox=\box91
\tcb@upperbox=\box92
\tcb@lowerbox=\box93
\tcb@phantombox=\box94
\c@tcbbreakpart=\count391
\c@tcblayer=\count392
\c@tcolorbox@number=\count393
\l__tcobox_tmpa_box=\box95
\l__tcobox_tmpa_dim=\dimen352
\tcb@temp=\box96
\tcb@temp=\box97
\tcb@temp=\box98
\tcb@temp=\box99
) (d:/texlive/texlive/2025/texmf-dist/tex/generic/ulem/ulem.sty
\UL@box=\box100
\UL@hyphenbox=\box101
\UL@skip=\skip93
\UL@hook=\toks50
\UL@height=\dimen353
\UL@pe=\count394
\UL@pixel=\dimen354
\ULC@box=\box102
Package: ulem 2019/11/18
\ULdepth=\dimen355
) (d:/texlive/texlive/2025/texmf-dist/tex/latex/appendix/appendix.sty
Package: appendix 2020/02/08 v1.2c extra appendix facilities
\c@@pps=\count395
\c@@ppsavesec=\count396
\c@@ppsaveapp=\count397
) (d:/texlive/texlive/2025/texmf-dist/tex/latex/hyperref/hyperref.sty
Package: hyperref 2024-11-05 v7.01l Hypertext links for LaTeX
 (d:/texlive/texlive/2025/texmf-dist/tex/latex/kvsetkeys/kvsetkeys.sty
Package: kvsetkeys 2022-10-05 v1.19 Key value parser (HO)
) (d:/texlive/texlive/2025/texmf-dist/tex/generic/kvdefinekeys/kvdefinekeys.sty
Package: kvdefinekeys 2019-12-19 v1.6 Define keys (HO)
) (d:/texlive/texlive/2025/texmf-dist/tex/generic/pdfescape/pdfescape.sty
Package: pdfescape 2019/12/09 v1.15 Implements pdfTeX's escape features (HO)
 (d:/texlive/texlive/2025/texmf-dist/tex/generic/ltxcmds/ltxcmds.sty
Package: ltxcmds 2023-12-04 v1.26 LaTeX kernel commands for general use (HO)
) (d:/texlive/texlive/2025/texmf-dist/tex/generic/pdftexcmds/pdftexcmds.sty
Package: pdftexcmds 2020-06-27 v0.33 Utility functions of pdfTeX for LuaTeX (HO)
 (d:/texlive/texlive/2025/texmf-dist/tex/generic/infwarerr/infwarerr.sty
Package: infwarerr 2019/12/03 v1.5 Providing info/warning/error messages (HO)
)
Package pdftexcmds Info: \pdf@primitive is available.
Package pdftexcmds Info: \pdf@ifprimitive is available.
Package pdftexcmds Info: \pdfdraftmode not found.
)) (d:/texlive/texlive/2025/texmf-dist/tex/latex/hycolor/hycolor.sty
Package: hycolor 2020-01-27 v1.10 Color options for hyperref/bookmark (HO)
)
(d:/texlive/texlive/2025/texmf-dist/tex/latex/hyperref/nameref.sty
Package: nameref 2023-11-26 v2.56 Cross-referencing by name of section
 (d:/texlive/texlive/2025/texmf-dist/tex/latex/refcount/refcount.sty
Package: refcount 2019/12/15 v3.6 Data extraction from label references (HO)
) (d:/texlive/texlive/2025/texmf-dist/tex/generic/gettitlestring/gettitlestring.sty
Package: gettitlestring 2019/12/15 v1.6 Cleanup title references (HO)
 (d:/texlive/texlive/2025/texmf-dist/tex/latex/kvoptions/kvoptions.sty
Package: kvoptions 2022-06-15 v3.15 Key value format for package options (HO)
))
\c@section@level=\count398
) (d:/texlive/texlive/2025/texmf-dist/tex/generic/stringenc/stringenc.sty
Package: stringenc 2019/11/29 v1.12 Convert strings between diff. encodings (HO)
)
\@linkdim=\dimen356
\Hy@linkcounter=\count399
\Hy@pagecounter=\count400
 (d:/texlive/texlive/2025/texmf-dist/tex/latex/hyperref/pd1enc.def
File: pd1enc.def 2024-11-05 v7.01l Hyperref: PDFDocEncoding definition (HO)
) (d:/texlive/texlive/2025/texmf-dist/tex/generic/intcalc/intcalc.sty
Package: intcalc 2019/12/15 v1.3 Expandable calculations with integers (HO)
)
\Hy@SavedSpaceFactor=\count401
 (d:/texlive/texlive/2025/texmf-dist/tex/latex/hyperref/puenc.def
File: puenc.def 2024-11-05 v7.01l Hyperref: PDF Unicode definition (HO)
)
Package hyperref Info: Option `unicode' set `true' on input line 4040.
Package hyperref Info: Hyper figures OFF on input line 4157.
Package hyperref Info: Link nesting OFF on input line 4162.
Package hyperref Info: Hyper index ON on input line 4165.
Package hyperref Info: Plain pages OFF on input line 4172.
Package hyperref Info: Backreferencing OFF on input line 4177.
Package hyperref Info: Implicit mode ON; LaTeX internals redefined.
Package hyperref Info: Bookmarks ON on input line 4424.
\c@Hy@tempcnt=\count402
LaTeX Info: Redefining \url on input line 4763.
\XeTeXLinkMargin=\dimen357
 (d:/texlive/texlive/2025/texmf-dist/tex/generic/bitset/bitset.sty
Package: bitset 2019/12/09 v1.3 Handle bit-vector datatype (HO)
 (d:/texlive/texlive/2025/texmf-dist/tex/generic/bigintcalc/bigintcalc.sty
Package: bigintcalc 2019/12/15 v1.5 Expandable calculations on big integers (HO)
))
\Fld@menulength=\count403
\Field@Width=\dimen358
\Fld@charsize=\dimen359
Package hyperref Info: Hyper figures OFF on input line 6042.
Package hyperref Info: Link nesting OFF on input line 6047.
Package hyperref Info: Hyper index ON on input line 6050.
Package hyperref Info: backreferencing OFF on input line 6057.
Package hyperref Info: Link coloring OFF on input line 6062.
Package hyperref Info: Link coloring with OCG OFF on input line 6067.
Package hyperref Info: PDF/A mode OFF on input line 6072.
 (d:/texlive/texlive/2025/texmf-dist/tex/latex/base/atbegshi-ltx.sty
Package: atbegshi-ltx 2021/01/10 v1.0c Emulation of the original atbegshi
package with kernel methods
)
\Hy@abspage=\count404
\c@Item=\count405
\c@Hfootnote=\count406
)
Package hyperref Info: Driver (autodetected): hxetex.
 (d:/texlive/texlive/2025/texmf-dist/tex/latex/hyperref/hxetex.def
File: hxetex.def 2024-11-05 v7.01l Hyperref driver for XeTeX
\pdfm@box=\box103
\c@Hy@AnnotLevel=\count407
\HyField@AnnotCount=\count408
\Fld@listcount=\count409
\c@bookmark@seq@number=\count410
 (d:/texlive/texlive/2025/texmf-dist/tex/latex/rerunfilecheck/rerunfilecheck.sty
Package: rerunfilecheck 2022-07-10 v1.10 Rerun checks for auxiliary files (HO)
 (d:/texlive/texlive/2025/texmf-dist/tex/latex/base/atveryend-ltx.sty
Package: atveryend-ltx 2020/08/19 v1.0a Emulation of the original atveryend package
with kernel methods
) (d:/texlive/texlive/2025/texmf-dist/tex/generic/uniquecounter/uniquecounter.sty
Package: uniquecounter 2019/12/15 v1.4 Provide unlimited unique counter (HO)
)
Package uniquecounter Info: New unique counter `rerunfilecheck' on input line 285.
)
\Hy@SectionHShift=\skip94
) (d:/texlive/texlive/2025/texmf-dist/tex/latex/cleveref/cleveref.sty
Package: cleveref 2018/03/27 v0.21.4 Intelligent cross-referencing
Package cleveref Info: `hyperref' support loaded on input line 2370.
LaTeX Info: Redefining \cref on input line 2370.
LaTeX Info: Redefining \Cref on input line 2370.
LaTeX Info: Redefining \crefrange on input line 2370.
LaTeX Info: Redefining \Crefrange on input line 2370.
LaTeX Info: Redefining \cpageref on input line 2370.
LaTeX Info: Redefining \Cpageref on input line 2370.
LaTeX Info: Redefining \cpagerefrange on input line 2370.
LaTeX Info: Redefining \Cpagerefrange on input line 2370.
LaTeX Info: Redefining \labelcref on input line 2370.
LaTeX Info: Redefining \labelcpageref on input line 2370.
Package cleveref Info: `listings' support loaded on input line 3131.
Package cleveref Info: `algorithm2e' support loaded on input line 3147.
) (d:/texlive/texlive/2025/texmf-dist/tex/latex/tocloft/tocloft.sty
Package: tocloft 2017/08/31 v2.3i parameterised ToC, etc., typesetting
Package tocloft Info: The document has section divisions on input line 51.
\cftparskip=\skip95
\cftbeforetoctitleskip=\skip96
\cftaftertoctitleskip=\skip97
\cftbeforepartskip=\skip98
\cftpartnumwidth=\skip99
\cftpartindent=\skip100
\cftbeforesecskip=\skip101
\cftsecindent=\skip102
\cftsecnumwidth=\skip103
\cftbeforesubsecskip=\skip104
\cftsubsecindent=\skip105
\cftsubsecnumwidth=\skip106
\cftbeforesubsubsecskip=\skip107
\cftsubsubsecindent=\skip108
\cftsubsubsecnumwidth=\skip109
\cftbeforeparaskip=\skip110
\cftparaindent=\skip111
\cftparanumwidth=\skip112
\cftbeforesubparaskip=\skip113
\cftsubparaindent=\skip114
\cftsubparanumwidth=\skip115
\cftbeforeloftitleskip=\skip116
\cftafterloftitleskip=\skip117
\cftbeforefigskip=\skip118
\cftfigindent=\skip119
\cftfignumwidth=\skip120
\c@lofdepth=\count411
\c@lotdepth=\count412
\cftbeforelottitleskip=\skip121
\cftafterlottitleskip=\skip122
\cftbeforetabskip=\skip123
\cfttabindent=\skip124
\cfttabnumwidth=\skip125
)

Package fontspec Info: 
(fontspec)             Font family 'TimesNewRoman(0)' created for font 'Times
(fontspec)             New Roman' with options [Ligatures=TeX].
(fontspec)              
(fontspec)              This font family consists of the following NFSS
(fontspec)             series/shapes:
(fontspec)              
(fontspec)             - 'normal' (m/n) with NFSS spec.: <->"Times New
(fontspec)             Roman/OT:script=latn;language=dflt;mapping=tex-text;"
(fontspec)             - 'small caps'  (m/sc) with NFSS spec.: <->"Times New
(fontspec)             Roman/OT:script=latn;language=dflt;+smcp;mapping=tex-text;"
(fontspec)             - 'bold' (b/n) with NFSS spec.: <->"Times New
(fontspec)             Roman/B/OT:script=latn;language=dflt;mapping=tex-text;"
(fontspec)             - 'bold small caps'  (b/sc) with NFSS spec.: <->"Times
(fontspec)             New
(fontspec)             Roman/B/OT:script=latn;language=dflt;+smcp;mapping=tex-text;"
(fontspec)             - 'italic' (m/it) with NFSS spec.: <->"Times New
(fontspec)             Roman/I/OT:script=latn;language=dflt;mapping=tex-text;"
(fontspec)             - 'italic small caps'  (m/scit) with NFSS spec.:
(fontspec)             <->"Times New
(fontspec)             Roman/I/OT:script=latn;language=dflt;+smcp;mapping=tex-text;"
(fontspec)             - 'bold italic' (b/it) with NFSS spec.: <->"Times New
(fontspec)             Roman/BI/OT:script=latn;language=dflt;mapping=tex-text;"
(fontspec)             - 'bold italic small caps'  (b/scit) with NFSS spec.:
(fontspec)             <->"Times New
(fontspec)             Roman/BI/OT:script=latn;language=dflt;+smcp;mapping=tex-text;"

Package hyperref Info: Option `CJKbookmarks' set `true' on input line 244.
Package hyperref Info: Option `bookmarksnumbered' set `true' on input line 244.
Package hyperref Info: Option `bookmarksopen' set `true' on input line 244.
Package hyperref Info: Option `colorlinks' set `true' on input line 244.
Package hyperref Info: Option `breaklinks' set `true' on input line 244.
) (d:/texlive/texlive/2025/texmf-dist/tex/generic/pgf/libraries/pgflibraryarrows.meta.code.tex
File: pgflibraryarrows.meta.code.tex 2023-01-15 v3.1.10 (3.1.10)
\pgfarrowinset=\dimen360
\pgfarrowlength=\dimen361
\pgfarrowwidth=\dimen362
\pgfarrowlinewidth=\dimen363
) (d:/texlive/texlive/2025/texmf-dist/tex/generic/pgf/frontendlayer/tikz/libraries/tikzlibrarypositioning.code.tex
File: tikzlibrarypositioning.code.tex 2023-01-15 v3.1.10 (3.1.10)
) (./main.aux

LaTeX Warning: Label `fig:sample-figure-a' multiply defined.


LaTeX Warning: Label `fig:sample-figure-a@cref' multiply defined.


LaTeX Warning: Label `sub@fig:sample-figure-a' multiply defined.


LaTeX Warning: Label `sub@fig:sample-figure-a@cref' multiply defined.


LaTeX Warning: Label `fig:sample-figure-b' multiply defined.


LaTeX Warning: Label `fig:sample-figure-b@cref' multiply defined.


LaTeX Warning: Label `sub@fig:sample-figure-b' multiply defined.


LaTeX Warning: Label `sub@fig:sample-figure-b@cref' multiply defined.


LaTeX Warning: Label `fig:sample-figure-c' multiply defined.


LaTeX Warning: Label `fig:sample-figure-c@cref' multiply defined.


LaTeX Warning: Label `sub@fig:sample-figure-c' multiply defined.


LaTeX Warning: Label `sub@fig:sample-figure-c@cref' multiply defined.


LaTeX Warning: Label `fig:sample-figure-d' multiply defined.


LaTeX Warning: Label `fig:sample-figure-d@cref' multiply defined.


LaTeX Warning: Label `sub@fig:sample-figure-d' multiply defined.


LaTeX Warning: Label `sub@fig:sample-figure-d@cref' multiply defined.


LaTeX Warning: Label `fig:sample-figure-e' multiply defined.


LaTeX Warning: Label `fig:sample-figure-e@cref' multiply defined.


LaTeX Warning: Label `sub@fig:sample-figure-e' multiply defined.


LaTeX Warning: Label `sub@fig:sample-figure-e@cref' multiply defined.


LaTeX Warning: Label `fig:sample-figure-f' multiply defined.


LaTeX Warning: Label `fig:sample-figure-f@cref' multiply defined.


LaTeX Warning: Label `sub@fig:sample-figure-f' multiply defined.


LaTeX Warning: Label `sub@fig:sample-figure-f@cref' multiply defined.


LaTeX Warning: Label `fig:sample-figure' multiply defined.


LaTeX Warning: Label `fig:sample-figure@cref' multiply defined.


LaTeX Warning: Label `fig:sample-figure-a' multiply defined.


LaTeX Warning: Label `fig:sample-figure-a@cref' multiply defined.


LaTeX Warning: Label `sub@fig:sample-figure-a' multiply defined.


LaTeX Warning: Label `sub@fig:sample-figure-a@cref' multiply defined.


LaTeX Warning: Label `fig:sample-figure-b' multiply defined.


LaTeX Warning: Label `fig:sample-figure-b@cref' multiply defined.


LaTeX Warning: Label `sub@fig:sample-figure-b' multiply defined.


LaTeX Warning: Label `sub@fig:sample-figure-b@cref' multiply defined.


LaTeX Warning: Label `fig:sample-figure' multiply defined.


LaTeX Warning: Label `fig:sample-figure@cref' multiply defined.


LaTeX Warning: Label `fig:sample-figure-a' multiply defined.


LaTeX Warning: Label `fig:sample-figure-a@cref' multiply defined.


LaTeX Warning: Label `sub@fig:sample-figure-a' multiply defined.


LaTeX Warning: Label `sub@fig:sample-figure-a@cref' multiply defined.


LaTeX Warning: Label `fig:sample-figure-b' multiply defined.


LaTeX Warning: Label `fig:sample-figure-b@cref' multiply defined.


LaTeX Warning: Label `sub@fig:sample-figure-b' multiply defined.


LaTeX Warning: Label `sub@fig:sample-figure-b@cref' multiply defined.


LaTeX Warning: Label `fig:sample-figure-c' multiply defined.


LaTeX Warning: Label `fig:sample-figure-c@cref' multiply defined.


LaTeX Warning: Label `sub@fig:sample-figure-c' multiply defined.


LaTeX Warning: Label `sub@fig:sample-figure-c@cref' multiply defined.


LaTeX Warning: Label `fig:sample-figure-d' multiply defined.


LaTeX Warning: Label `fig:sample-figure-d@cref' multiply defined.


LaTeX Warning: Label `sub@fig:sample-figure-d' multiply defined.


LaTeX Warning: Label `sub@fig:sample-figure-d@cref' multiply defined.


LaTeX Warning: Label `fig:sample-figure-e' multiply defined.


LaTeX Warning: Label `fig:sample-figure-e@cref' multiply defined.


LaTeX Warning: Label `sub@fig:sample-figure-e' multiply defined.


LaTeX Warning: Label `sub@fig:sample-figure-e@cref' multiply defined.


LaTeX Warning: Label `fig:sample-figure-f' multiply defined.


LaTeX Warning: Label `fig:sample-figure-f@cref' multiply defined.


LaTeX Warning: Label `sub@fig:sample-figure-f' multiply defined.


LaTeX Warning: Label `sub@fig:sample-figure-f@cref' multiply defined.


LaTeX Warning: Label `fig:sample-figure' multiply defined.


LaTeX Warning: Label `fig:sample-figure@cref' multiply defined.


LaTeX Warning: Label `fig:sample-figure-a' multiply defined.


LaTeX Warning: Label `fig:sample-figure-a@cref' multiply defined.


LaTeX Warning: Label `sub@fig:sample-figure-a' multiply defined.


LaTeX Warning: Label `sub@fig:sample-figure-a@cref' multiply defined.


LaTeX Warning: Label `fig:sample-figure-b' multiply defined.


LaTeX Warning: Label `fig:sample-figure-b@cref' multiply defined.


LaTeX Warning: Label `sub@fig:sample-figure-b' multiply defined.


LaTeX Warning: Label `sub@fig:sample-figure-b@cref' multiply defined.


LaTeX Warning: Label `fig:sample-figure-c' multiply defined.


LaTeX Warning: Label `fig:sample-figure-c@cref' multiply defined.


LaTeX Warning: Label `sub@fig:sample-figure-c' multiply defined.


LaTeX Warning: Label `sub@fig:sample-figure-c@cref' multiply defined.


LaTeX Warning: Label `fig:sample-figure-d' multiply defined.


LaTeX Warning: Label `fig:sample-figure-d@cref' multiply defined.


LaTeX Warning: Label `sub@fig:sample-figure-d' multiply defined.


LaTeX Warning: Label `sub@fig:sample-figure-d@cref' multiply defined.


LaTeX Warning: Label `fig:sample-figure-e' multiply defined.


LaTeX Warning: Label `fig:sample-figure-e@cref' multiply defined.


LaTeX Warning: Label `sub@fig:sample-figure-e' multiply defined.


LaTeX Warning: Label `sub@fig:sample-figure-e@cref' multiply defined.


LaTeX Warning: Label `fig:sample-figure-f' multiply defined.


LaTeX Warning: Label `fig:sample-figure-f@cref' multiply defined.


LaTeX Warning: Label `sub@fig:sample-figure-f' multiply defined.


LaTeX Warning: Label `sub@fig:sample-figure-f@cref' multiply defined.

)
\openout1 = `main.aux'.

LaTeX Font Info:    Checking defaults for OML/cmm/m/it on input line 13.
LaTeX Font Info:    ... okay on input line 13.
LaTeX Font Info:    Checking defaults for OMS/cmsy/m/n on input line 13.
LaTeX Font Info:    ... okay on input line 13.
LaTeX Font Info:    Checking defaults for OT1/cmr/m/n on input line 13.
LaTeX Font Info:    ... okay on input line 13.
LaTeX Font Info:    Checking defaults for T1/cmr/m/n on input line 13.
LaTeX Font Info:    ... okay on input line 13.
LaTeX Font Info:    Checking defaults for TS1/cmr/m/n on input line 13.
LaTeX Font Info:    ... okay on input line 13.
LaTeX Font Info:    Checking defaults for TU/lmr/m/n on input line 13.
LaTeX Font Info:    ... okay on input line 13.
LaTeX Font Info:    Checking defaults for OMX/cmex/m/n on input line 13.
LaTeX Font Info:    ... okay on input line 13.
LaTeX Font Info:    Checking defaults for U/cmr/m/n on input line 13.
LaTeX Font Info:    ... okay on input line 13.
LaTeX Font Info:    Checking defaults for PD1/pdf/m/n on input line 13.
LaTeX Font Info:    ... okay on input line 13.
LaTeX Font Info:    Checking defaults for PU/pdf/m/n on input line 13.
LaTeX Font Info:    ... okay on input line 13.

Package fontspec Info: 
(fontspec)             Adjusting the maths setup (use [no-math] to avoid
(fontspec)             this).

\symlegacymaths=\mathgroup9
LaTeX Font Info:    Overwriting symbol font `legacymaths' in version `bold'
(Font)                  OT1/cmr/m/n --> OT1/cmr/bx/n on input line 13.
LaTeX Font Info:    Redeclaring math accent \acute on input line 13.
LaTeX Font Info:    Redeclaring math accent \grave on input line 13.
LaTeX Font Info:    Redeclaring math accent \ddot on input line 13.
LaTeX Font Info:    Redeclaring math accent \tilde on input line 13.
LaTeX Font Info:    Redeclaring math accent \bar on input line 13.
LaTeX Font Info:    Redeclaring math accent \breve on input line 13.
LaTeX Font Info:    Redeclaring math accent \check on input line 13.
LaTeX Font Info:    Redeclaring math accent \hat on input line 13.
LaTeX Font Info:    Redeclaring math accent \dot on input line 13.
LaTeX Font Info:    Redeclaring math accent \mathring on input line 13.
LaTeX Font Info:    Redeclaring math symbol \Gamma on input line 13.
LaTeX Font Info:    Redeclaring math symbol \Delta on input line 13.
LaTeX Font Info:    Redeclaring math symbol \Theta on input line 13.
LaTeX Font Info:    Redeclaring math symbol \Lambda on input line 13.
LaTeX Font Info:    Redeclaring math symbol \Xi on input line 13.
LaTeX Font Info:    Redeclaring math symbol \Pi on input line 13.
LaTeX Font Info:    Redeclaring math symbol \Sigma on input line 13.
LaTeX Font Info:    Redeclaring math symbol \Upsilon on input line 13.
LaTeX Font Info:    Redeclaring math symbol \Phi on input line 13.
LaTeX Font Info:    Redeclaring math symbol \Psi on input line 13.
LaTeX Font Info:    Redeclaring math symbol \Omega on input line 13.
LaTeX Font Info:    Redeclaring math symbol \mathdollar on input line 13.
LaTeX Font Info:    Redeclaring symbol font `operators' on input line 13.
LaTeX Font Info:    Encoding `OT1' has changed to `TU' for symbol font
(Font)              `operators' in the math version `normal' on input line 13.
LaTeX Font Info:    Overwriting symbol font `operators' in version `normal'
(Font)                  OT1/cmr/m/n --> TU/TimesNewRoman(0)/m/n on input line 13.
LaTeX Font Info:    Encoding `OT1' has changed to `TU' for symbol font
(Font)              `operators' in the math version `bold' on input line 13.
LaTeX Font Info:    Overwriting symbol font `operators' in version `bold'
(Font)                  OT1/cmr/bx/n --> TU/TimesNewRoman(0)/m/n on input line 13.
LaTeX Font Info:    Overwriting symbol font `operators' in version `normal'
(Font)                  TU/TimesNewRoman(0)/m/n --> TU/TimesNewRoman(0)/m/n on input line 13.
LaTeX Font Info:    Overwriting math alphabet `\mathit' in version `normal'
(Font)                  OT1/cmr/m/it --> TU/TimesNewRoman(0)/m/it on input line 13.
LaTeX Font Info:    Overwriting math alphabet `\mathbf' in version `normal'
(Font)                  OT1/cmr/bx/n --> TU/TimesNewRoman(0)/b/n on input line 13.
LaTeX Font Info:    Overwriting math alphabet `\mathsf' in version `normal'
(Font)                  OT1/cmss/m/n --> TU/lmss/m/n on input line 13.
LaTeX Font Info:    Overwriting math alphabet `\mathtt' in version `normal'
(Font)                  OT1/cmtt/m/n --> TU/lmtt/m/n on input line 13.
LaTeX Font Info:    Overwriting symbol font `operators' in version `bold'
(Font)                  TU/TimesNewRoman(0)/m/n --> TU/TimesNewRoman(0)/b/n on input line 13.
LaTeX Font Info:    Overwriting math alphabet `\mathit' in version `bold'
(Font)                  OT1/cmr/bx/it --> TU/TimesNewRoman(0)/b/it on input line 13.
LaTeX Font Info:    Overwriting math alphabet `\mathsf' in version `bold'
(Font)                  OT1/cmss/bx/n --> TU/lmss/b/n on input line 13.
LaTeX Font Info:    Overwriting math alphabet `\mathtt' in version `bold'
(Font)                  OT1/cmtt/m/n --> TU/lmtt/b/n on input line 13.

*geometry* driver: auto-detecting
*geometry* detected driver: xetex
*geometry* verbose mode - [ preamble ] result:
* driver: xetex
* paper: <default>
* layout: <same size as paper>
* layoutoffset:(h,v)=(0.0pt,0.0pt)
* modes: 
* h-part:(L,W,R)=(71.13188pt, 455.24411pt, 71.13188pt)
* v-part:(T,H,B)=(71.13188pt, 702.78308pt, 71.13188pt)
* \paperwidth=597.50787pt
* \paperheight=845.04684pt
* \textwidth=455.24411pt
* \textheight=702.78308pt
* \oddsidemargin=-1.1381pt
* \evensidemargin=-1.1381pt
* \topmargin=-38.1381pt
* \headheight=12.0pt
* \headsep=25.0pt
* \topskip=12.0pt
* \footskip=30.0pt
* \marginparwidth=35.0pt
* \marginparsep=10.0pt
* \columnsep=10.0pt
* \skip\footins=10.8pt plus 4.0pt minus 2.0pt
* \hoffset=0.0pt
* \voffset=0.0pt
* \mag=1000
* \@twocolumnfalse
* \@twosidefalse
* \@mparswitchfalse
* \@reversemarginfalse
* (1in=72.27pt=25.4mm, 1cm=28.453pt)

\c@lstlisting=\count413
Package caption Info: Begin \AtBeginDocument code.
Package caption Info: hyperref package is loaded.
Package caption Info: End \AtBeginDocument code.
(d:/texlive/texlive/2025/texmf-dist/tex/latex/pdflscape/pdflscape.sty
Package: pdflscape 2022-10-27 v0.13 Display of landscape pages in PDF
 (d:/texlive/texlive/2025/texmf-dist/tex/latex/pdflscape/pdflscape-nometadata.sty
Package: pdflscape-nometadata 2022-10-28 v0.13 Display of landscape pages in PDF (HO)
 (d:/texlive/texlive/2025/texmf-dist/tex/latex/graphics/lscape.sty
Package: lscape 2020/05/28 v3.02 Landscape Pages (DPC)
)
Package pdflscape Info: Auto-detected driver: dvipdfm (xetex) on input line 98.
))
Package hyperref Info: Link coloring ON on input line 13.
 (./main.out) (./main.out)
\@outlinefile=\write6
\openout6 = `main.out'.


Package fontspec Info: 
(fontspec)             Could not resolve font "SimHei/BI" (it probably doesn't
(fontspec)             exist).


Package fontspec Info: 
(fontspec)             Could not resolve font "SimHei/B" (it probably doesn't
(fontspec)             exist).


Package fontspec Info: 
(fontspec)             Could not resolve font "SimHei/I" (it probably doesn't
(fontspec)             exist).


Package fontspec Info: 
(fontspec)             Font family 'SimHei(0)' created for font 'SimHei' with
(fontspec)             options [Script={CJK}].
(fontspec)              
(fontspec)              This font family consists of the following NFSS
(fontspec)             series/shapes:
(fontspec)              
(fontspec)             - 'normal' (m/n) with NFSS spec.:
(fontspec)             <->"SimHei/OT:script=hani;language=dflt;"



LaTeX Font Warning: Font shape `TU/SimHei(0)/b/n' undefined
(Font)              using `TU/SimHei(0)/m/n' instead on input line 16.



[1

]

[2]

[3]

[4]

Package fontspec Info: 
(fontspec)             Could not resolve font "SimSun/BI" (it probably doesn't
(fontspec)             exist).


Package fontspec Info: 
(fontspec)             Could not resolve font "SimSun/B" (it probably doesn't
(fontspec)             exist).


Package fontspec Info: 
(fontspec)             Could not resolve font "SimSun/I" (it probably doesn't
(fontspec)             exist).


Package fontspec Info: 
(fontspec)             Font family 'SimSun(1)' created for font 'SimSun' with
(fontspec)             options [Script={CJK}].
(fontspec)              
(fontspec)              This font family consists of the following NFSS
(fontspec)             series/shapes:
(fontspec)              
(fontspec)             - 'normal' (m/n) with NFSS spec.:
(fontspec)             <->"SimSun/OT:script=hani;language=dflt;"



LaTeX Font Warning: Font shape `TU/SimSun(1)/b/n' undefined
(Font)              using `TU/SimSun(1)/m/n' instead on input line 171.



[5]
LaTeX Font Info:    Calculating math sizes for size <12.05> on input line 222.
LaTeX Font Info:    Trying to load font information for U+msa on input line 222.
 (d:/texlive/texlive/2025/texmf-dist/tex/latex/amsfonts/umsa.fd
File: umsa.fd 2013/01/14 v3.01 AMS symbols A
)
LaTeX Font Info:    Trying to load font information for U+msb on input line 222.
 (d:/texlive/texlive/2025/texmf-dist/tex/latex/amsfonts/umsb.fd
File: umsb.fd 2013/01/14 v3.01 AMS symbols B
)

[6]

[7]

[8] [9]

[10]

[11]
File: fig/category_sales.pdf Graphic file (type pdf)
<use fig/category_sales.pdf>

Overfull \hbox (91.04742pt too wide) in paragraph at lines 457--458
 [][] 
 []



[12]
File: fig/item_sales.pdf Graphic file (type pdf)
<use fig/item_sales.pdf>

Overfull \hbox (91.04742pt too wide) in paragraph at lines 465--466
 [][] 
 []



[13]
File: fig/_sales.pdf Graphic file (type pdf)
<use fig/_sales.pdf>
File: fig/_sales.pdf Graphic file (type pdf)
<use fig/_sales.pdf>
File: fig/_sales.pdf Graphic file (type pdf)
<use fig/_sales.pdf>
File: fig/_sales.pdf Graphic file (type pdf)
<use fig/_sales.pdf>
File: fig/_sales.pdf Graphic file (type pdf)
<use fig/_sales.pdf>
File: fig/_sales.pdf Graphic file (type pdf)
<use fig/_sales.pdf>


[14]

[15]
Overfull \hbox (53.24538pt too wide) in paragraph at lines 540--542
\TU/SimSun(0)/m/n/12.05    \TU/TimesNewRoman(0)/m/n/12.05 ].dt.month\TU/SimSun(0)/m/n/12.05  |          |        |   \TU/TimesNewRoman(0)/m/n/12.05 category_monthly_sales.pdf\TU/SimSun(0)/m/n/12.05  |
 []

File: fig/_monthly_sales.pdf Graphic file (type pdf)
<use fig/_monthly_sales.pdf>
File: fig/_monthly_sales.pdf Graphic file (type pdf)
<use fig/_monthly_sales.pdf>
File: fig/_monthly_sales.pdf Graphic file (type pdf)
<use fig/_monthly_sales.pdf>
File: fig/_monthly_sales.pdf Graphic file (type pdf)
<use fig/_monthly_sales.pdf>
File: fig/_monthly_sales.pdf Graphic file (type pdf)
<use fig/_monthly_sales.pdf>
File: fig/_monthly_sales.pdf Graphic file (type pdf)
<use fig/_monthly_sales.pdf>


[16]

[17]
Overfull \hbox (164.2725pt too wide) in paragraph at lines 615--616
[]\TU/SimSun(0)/m/n/12.05    |    \TU/TimesNewRoman(0)/m/n/12.05 plot_correlation_heatmap\TU/SimSun(0)/m/n/12.05 |               |\TU/TimesNewRoman(0)/m/n/12.05 category_data._vectors.corr(method=pearson)
 []


Overfull \hbox (105.00896pt too wide) in paragraph at lines 617--618
\TU/SimSun(0)/m/n/12.05     \TU/TimesNewRoman(0)/m/n/12.05 Pearson \TU/SimSun(0)/m/n/12.05  \TU/TimesNewRoman(0)/m/n/12.05 Spearman \TU/SimSun(0)/m/n/12.05    |              |\TU/TimesNewRoman(0)/m/n/12.05 sales_vectors.corr(method=pearson)
 []


Overfull \hbox (65.27576pt too wide) in paragraph at lines 621--622
[]\TU/SimSun(0)/m/n/12.05   |    \TU/TimesNewRoman(0)/m/n/12.05 seaborn \TU/SimSun(0)/m/n/12.05       |\TU/TimesNewRoman(0)/m/n/12.05 sns.heatmap\TU/SimSun(0)/m/n/12.05  |     \TU/TimesNewRoman(0)/m/n/12.05 category_pearson_correlation_heatmap.pdf
 []

File: fig/category_pearson_correlation_heatmap.pdf Graphic file (type pdf)
<use fig/category_pearson_correlation_heatmap.pdf>
File: fig/category_spearman_correlation_heatmap.pdf Graphic file (type pdf)
<use fig/category_spearman_correlation_heatmap.pdf>


[18]
Overfull \hbox (21.44595pt too wide) in paragraph at lines 672--682
 [][] 
 []



[19]
File: fig/kmeans_clustering.pdf Graphic file (type pdf)
<use fig/kmeans_clustering.pdf>


[20]
Overfull \hbox (12.31184pt too wide) in paragraph at lines 757--759
[]\TU/SimSun(0)/m/n/12.05       |    \TU/TimesNewRoman(0)/m/n/12.05 pd.read_excel \TU/SimSun(0)/m/n/12.05     \TU/TimesNewRoman(0)/m/n/12.05 2 \TU/SimSun(0)/m/n/12.05       |\TU/TimesNewRoman(0)/m/n/12.05 collet_preprocessed.xlsx\TU/SimSun(0)/m/n/12.05  |
 []



[21]
Overfull \hbox (8.07892pt too wide) in paragraph at lines 801--802
\TU/SimSun(0)/m/n/12.05                |    \TU/TimesNewRoman(0)/m/n/12.05 2-1.py \TU/SimSun(0)/m/n/12.05  \TU/TimesNewRoman(0)/m/n/12.05 2-2.py \TU/SimSun(0)/m/n/12.05  \TU/TimesNewRoman(0)/m/n/12.05 plot_profit_ratio_by_category
 []

File: fig/_profit_ratio_over_time.png Graphic file (type bmp)
<fig/_profit_ratio_over_time.png>
File: fig/_profit_ratio_over_time.png Graphic file (type bmp)
<fig/_profit_ratio_over_time.png>
File: fig/_profit_ratio_over_time.png Graphic file (type bmp)
<fig/_profit_ratio_over_time.png>
File: fig/_profit_ratio_over_time.png Graphic file (type bmp)
<fig/_profit_ratio_over_time.png>
File: fig/_profit_ratio_over_time.png Graphic file (type bmp)
<fig/_profit_ratio_over_time.png>
File: fig/_profit_ratio_over_time.png Graphic file (type bmp)
<fig/_profit_ratio_over_time.png>


[22]

[23]
File: fig/sales_profit_scatter.png Graphic file (type bmp)
<fig/sales_profit_scatter.png>


[24]

[25]

[26]
File: fig/_.jpg Graphic file (type bmp)
<fig/_.jpg>
File: fig/_.jpg Graphic file (type bmp)
<fig/_.jpg>
File: fig/_.jpg Graphic file (type bmp)
<fig/_.jpg>
File: fig/_.jpg Graphic file (type bmp)
<fig/_.jpg>


[27]
File: fig/_.jpg Graphic file (type bmp)
<fig/_.jpg>
File: fig/_.jpg Graphic file (type bmp)
<fig/_.jpg>


[28]

[29]
Overfull \hbox (32.8888pt too wide) in paragraph at lines 1151--1152
[]\TU/SimSun(0)/m/n/12.05     |    \TU/TimesNewRoman(0)/m/n/12.05 _diagnose_data_issues\TU/SimSun(0)/m/n/12.05 |              | \TU/TimesNewRoman(0)/m/n/12.05 value_counts\TU/SimSun(0)/m/n/12.05  |
 []



[30]

[31]

[32]

[33]

[34]

[35]

[36]

[37]

[38]

[39]

[40]

[41]

[42]

[43] (./main.bbl)

[44]
Overfull \hbox (7.54721pt too wide) in alignment at lines 1687--1691
 [] [] [] 
 []


Package fontspec Info: 
(fontspec)             Could not resolve font "FangSong/BI" (it probably
(fontspec)             doesn't exist).


Package fontspec Info: 
(fontspec)             Could not resolve font "FangSong/B" (it probably
(fontspec)             doesn't exist).


Package fontspec Info: 
(fontspec)             Could not resolve font "FangSong/I" (it probably
(fontspec)             doesn't exist).


Package fontspec Info: 
(fontspec)             Font family 'FangSong(0)' created for font 'FangSong'
(fontspec)             with options [Script={CJK}].
(fontspec)              
(fontspec)              This font family consists of the following NFSS
(fontspec)             series/shapes:
(fontspec)              
(fontspec)             - 'normal' (m/n) with NFSS spec.:
(fontspec)             <->"FangSong/OT:script=hani;language=dflt;"


Overfull \hbox (219.19208pt too wide) in paragraph at lines 1693--1694
 []|[][]\TU/lmtt/m/n/12.05 D:\Mathematical Modeling\Main\Texwork\tmpl-main\data\category_sales.xlsx| 
 []


Overfull \hbox (194.36908pt too wide) in paragraph at lines 1694--1695
 []|[][]\TU/lmtt/m/n/12.05 D:\Mathematical Modeling\Main\Texwork\tmpl-main\data\item_sales.xlsx| 
 []


Overfull \hbox (256.42659pt too wide) in paragraph at lines 1695--1696
 []|[][]\TU/lmtt/m/n/12.05 D:\Mathematical Modeling\Main\Texwork\tmpl-main\data\daily_category_sales.xlsx| 
 []


Overfull \hbox (231.60358pt too wide) in paragraph at lines 1696--1697
 []|[][]\TU/lmtt/m/n/12.05 D:\Mathematical Modeling\Main\Texwork\tmpl-main\data\daily_item_sales.xlsx| 
 []


Overfull \hbox (268.83809pt too wide) in paragraph at lines 1697--1698
 []|[][]\TU/lmtt/m/n/12.05 D:\Mathematical Modeling\Main\Texwork\tmpl-main\data\monthly_category_sales.xlsx| 
 []


Overfull \hbox (231.60358pt too wide) in paragraph at lines 1698--1699
 []|[][]\TU/lmtt/m/n/12.05 D:\Mathematical Modeling\Main\Texwork\tmpl-main\data\wholesale_prices.xlsx| 
 []


Overfull \hbox (219.19208pt too wide) in paragraph at lines 1699--1700
 []|[][]\TU/lmtt/m/n/12.05 D:\Mathematical Modeling\Main\Texwork\tmpl-main\data\selected_items.xlsx| 
 []


Overfull \hbox (212.98633pt too wide) in paragraph at lines 1702--1703
 []|[][]\TU/lmtt/m/n/12.05 D:\Mathematical Modeling\Main\Texwork\tmpl-main\code\preprocess_data.py| 
 []


Overfull \hbox (181.95757pt too wide) in paragraph at lines 1703--1704
 []|[][]\TU/lmtt/m/n/12.05 D:\Mathematical Modeling\Main\Texwork\tmpl-main\code\analyze_q1.py| 
 []


Overfull \hbox (237.80933pt too wide) in paragraph at lines 1704--1705
 []|[][]\TU/lmtt/m/n/12.05 D:\Mathematical Modeling\Main\Texwork\tmpl-main\code\predict_optimize_q2.py| 
 []


Overfull \hbox (212.98633pt too wide) in paragraph at lines 1705--1706
 []|[][]\TU/lmtt/m/n/12.05 D:\Mathematical Modeling\Main\Texwork\tmpl-main\code\optimize_pso_q3.py| 
 []


Overfull \hbox (194.36908pt too wide) in paragraph at lines 1706--1707
 []|[][]\TU/lmtt/m/n/12.05 D:\Mathematical Modeling\Main\Texwork\tmpl-main\code\plot_figures.py| 
 []


Overfull \hbox (206.78058pt too wide) in paragraph at lines 1709--1710
 []|[][]\TU/lmtt/m/n/12.05 D:\Mathematical Modeling\Main\Texwork\tmpl-main\fig\category_sales.pdf| 
 []


Overfull \hbox (181.95757pt too wide) in paragraph at lines 1710--1711
 []|[][]\TU/lmtt/m/n/12.05 D:\Mathematical Modeling\Main\Texwork\tmpl-main\fig\item_sales.pdf| 
 []


Overfull \hbox (219.19208pt too wide) in paragraph at lines 1711--1712
 []|[][]\TU/lmtt/m/n/12.05 D:\Mathematical Modeling\Main\Texwork\tmpl-main\fig\{category}_sales.pdf| 
 []


Overfull \hbox (268.83809pt too wide) in paragraph at lines 1712--1713
 []|[][]\TU/lmtt/m/n/12.05 D:\Mathematical Modeling\Main\Texwork\tmpl-main\fig\{category}_monthly_sales.pdf| 
 []


Overfull \hbox (343.30713pt too wide) in paragraph at lines 1713--1714
 []|[][]\TU/lmtt/m/n/12.05 D:\Mathematical Modeling\Main\Texwork\tmpl-main\fig\category_pearson_correlation_heatmap.pdf| 
 []


Overfull \hbox (244.01508pt too wide) in paragraph at lines 1714--1715
 []|[][]\TU/lmtt/m/n/12.05 D:\Mathematical Modeling\Main\Texwork\tmpl-main\fig\sales_profit_scatter.png| 
 []


Overfull \hbox (244.01508pt too wide) in paragraph at lines 1715--1716
 []|[][]\TU/lmtt/m/n/12.05 D:\Mathematical Modeling\Main\Texwork\tmpl-main\fig\item_cluster_scatter.pdf| 
 []


Overfull \hbox (244.01508pt too wide) in paragraph at lines 1716--1717
 []|[][]\TU/lmtt/m/n/12.05 D:\Mathematical Modeling\Main\Texwork\tmpl-main\fig\prediction_vs_actual.pdf| 
 []


Overfull \hbox (7.54721pt too wide) in alignment at lines 1691--1719
 [] [] [] 
 []



[45] (d:/texlive/texlive/2025/texmf-dist/tex/latex/listings/lstlang1.sty
File: lstlang1.sty 2024/09/23 1.10c listings language file
)
Package hyperref Info: bookmark level for unknown lstlisting defaults to 0 on input line 1741.
 (./py/preprocessed.py

[46]
Missing character: There is no  (U+03C3) in font [lmmono10-regular]:!
Missing character: There is no  (U+03C3) in font [lmmono10-regular]:!


[47]) (./py/1.py

[48]

[49]

[50]

[51]) (./py/1-.py

[52])

[53] (./py/2-1.py

[54]) (./py/2-2.py

[55]

[56]

[57]) (./py/2-3.py

[58]
Missing character: There is no  (U+27A4) in font [lmmono10-regular]:!
Missing character: There is no  (U+27A4) in font [lmmono10-regular]:!


[59]
Missing character: There is no  (U+27A4) in font [lmmono10-regular]:!
Missing character: There is no  (U+27A4) in font [lmmono10-regular]:!
Missing character: There is no  (U+26A0) in font [lmmono10-regular]:!


[60]

[61]

[62]

[63]

[64]
Missing character: There is no  (U+27A4) in font [lmmono10-regular]:!
Missing character: There is no  (U+2705) in font [lmmono10-regular]:!


[65]
Missing character: There is no  (U+274C) in font [lmmono10-regular]:!
) (./py/2-2.py

[66]

[67]) (./py/3-.py

[68]

[69])

[70] (./main.aux)
 ***********
LaTeX2e <2024-11-01> patch level 2
L3 programming layer <2022/08/05>
 ***********


LaTeX Font Warning: Some font shapes were not available, defaults substituted.


LaTeX Warning: There were multiply-defined labels.

Package rerunfilecheck Info: File `main.out' has not changed.
(rerunfilecheck)             Checksum: C1B3FFEC8D037EFB0F942D9F612465C0;7342.
 ) 
Here is how much of TeX's memory you used:
 37661 strings out of 470249
 809305 string characters out of 5484267
 1715840 words of memory out of 5000000
 63591 multiletter control sequences out of 15000+600000
 636870 words of font info for 137 fonts, out of 8000000 for 9000
 1348 hyphenation exceptions out of 8191
 117i,12n,125p,442b,2572s stack positions out of 10000i,1000n,20000p,200000b,200000s

Output written on main.pdf (70 pages).
