\BOOKMARK [1][]{section.1}{\376\377\116\000\060\001\000\040\225\356\230\230\221\315\217\360}{}% 1
\BOOKMARK [2][]{subsection.1.1}{\376\377\0001\000.\000\040\0001\000\040\225\356\230\230\200\314\146\157}{section.1}% 2
\BOOKMARK [2][]{subsection.1.2}{\376\377\0001\000.\000\040\0002\000\040\225\356\230\230\145\164\164\006}{section.1}% 3
\BOOKMARK [2][]{subsection.1.3}{\376\377\0001\000.\000\040\0003\000\040\134\017\176\323}{section.1}% 4
\BOOKMARK [1][]{section.2}{\376\377\116\214\060\001\000\040\225\356\230\230\122\006\147\220}{}% 5
\BOOKMARK [2][]{subsection.2.1}{\376\377\0002\000.\000\040\0001\000\040\230\230\166\356\117\341\140\157\116\016\147\141\116\366}{section.2}% 6
\BOOKMARK [2][]{subsection.2.2}{\376\377\0002\000.\000\040\0002\000\040\122\006\147\220\155\101\172\013\126\376}{section.2}% 7
\BOOKMARK [2][]{subsection.2.3}{\376\377\0002\000.\000\040\0003\000\040\134\017\176\323}{section.2}% 8
\BOOKMARK [1][]{section.3}{\376\377\116\011\060\001\000\040\152\041\127\213\120\107\213\276}{}% 9
\BOOKMARK [2][]{subsection.3.1}{\376\377\0003\000.\000\040\0001\000\040\152\041\127\213\120\107\213\276}{section.3}% 10
\BOOKMARK [2][]{subsection.3.2}{\376\377\0003\000.\000\040\0002\000\040\120\107\213\276\166\204\124\010\164\006\140\047\232\214\213\301}{section.3}% 11
\BOOKMARK [2][]{subsection.3.3}{\376\377\0003\000.\000\040\0003\000\040\134\017\176\323}{section.3}% 12
\BOOKMARK [1][]{section.4}{\376\377\126\333\060\001\000\040\173\046\123\367\213\364\146\016}{}% 13
\BOOKMARK [1][]{section.5}{\376\377\116\224\060\001\000\040\152\041\127\213\166\204\136\372\172\313\116\016\154\102\211\343}{}% 14
\BOOKMARK [2][]{subsection.5.1}{\376\377\0005\000.\000\040\0001\000\040\145\160\143\156\230\204\131\004\164\006}{section.5}% 15
\BOOKMARK [2][]{subsection.5.2}{\376\377\0005\000.\000\040\0002\000\040\225\356\230\230\116\000\152\041\127\213\136\372\172\313\124\214\154\102\211\343}{section.5}% 16
\BOOKMARK [3][]{subsubsection.5.2.1}{\376\377\0005\000.\000\040\0002\000.\000\040\0001\000\040\210\150\150\074\145\160\143\156\131\004\164\006}{subsection.5.2}% 17
\BOOKMARK [3][]{subsubsection.5.2.2}{\376\377\0005\000.\000\040\0002\000.\000\040\0002\000\040\225\000\125\056\221\317\122\006\136\003\211\304\137\213}{subsection.5.2}% 18
\BOOKMARK [3][]{subsubsection.5.2.3}{\376\377\0005\000.\000\040\0002\000.\000\040\0003\000\040\145\366\225\364\136\217\122\027\162\171\137\201}{subsection.5.2}% 19
\BOOKMARK [3][]{subsubsection.5.2.4}{\376\377\0005\000.\000\040\0002\000.\000\040\0004\000\040\133\143\202\202\140\047\152\041\137\017}{subsection.5.2}% 20
\BOOKMARK [3][]{subsubsection.5.2.5}{\376\377\0005\000.\000\040\0002\000.\000\040\0005\000\040\166\370\121\163\140\047\150\300\232\214\122\006\147\220}{subsection.5.2}% 21
\BOOKMARK [3][]{subsubsection.5.2.6}{\376\377\0005\000.\000\040\0002\000.\000\040\0006\000\040\123\125\124\301\200\132\174\173\122\006\147\220}{subsection.5.2}% 22
\BOOKMARK [3][]{subsubsection.5.2.7}{\376\377\0005\000.\000\040\0002\000.\000\040\0007\000\040\225\356\230\230\116\000\176\323\147\234}{subsection.5.2}% 23
\BOOKMARK [2][]{subsection.5.3}{\376\377\0005\000.\000\040\0003\000\040\225\356\230\230\116\214\152\041\127\213\166\204\136\372\172\313\124\214\154\102\211\343}{section.5}% 24
\BOOKMARK [3][]{subsubsection.5.3.1}{\376\377\0005\000.\000\040\0003\000.\000\040\0001\000\040\142\337\124\010\145\160\143\156\131\004\164\006}{subsection.5.3}% 25
\BOOKMARK [3][]{subsubsection.5.3.2}{\376\377\0005\000.\000\040\0003\000.\000\040\0002\000\040\225\000\125\056\140\073\221\317\116\016\142\020\147\054\122\240\142\020\133\232\116\367\121\163\174\373\122\006\147\220}{subsection.5.3}% 26
\BOOKMARK [3][]{subsubsection.5.3.3}{\376\377\0005\000.\000\040\0003\000.\000\040\0003\000\040\225\000\221\317\230\204\155\113\152\041\127\213\147\204\136\372}{subsection.5.3}% 27
\BOOKMARK [3][]{subsubsection.5.3.4}{\376\377\0005\000.\000\040\0003\000.\000\040\0004\000\040\210\145\215\047\116\016\133\232\116\367\173\126\165\145\117\030\123\026}{subsection.5.3}% 28
\BOOKMARK [3][]{subsubsection.5.3.5}{\376\377\0005\000.\000\040\0003\000.\000\040\0005\000\040\225\356\230\230\116\214\176\323\147\234}{subsection.5.3}% 29
\BOOKMARK [2][]{subsection.5.4}{\376\377\0005\000.\000\040\0004\000\040\225\356\230\230\116\011\152\041\127\213\166\204\136\372\172\313\124\214\154\102\211\343}{section.5}% 30
\BOOKMARK [3][]{subsubsection.5.4.1}{\376\377\0005\000.\000\040\0004\000.\000\040\0001\000\040\123\125\124\301\173\133\220\011}{subsection.5.4}% 31
\BOOKMARK [3][]{subsubsection.5.4.2}{\376\377\0005\000.\000\040\0004\000.\000\040\0002\000\040\227\000\154\102\230\204\155\113\152\041\127\213}{subsection.5.4}% 32
\BOOKMARK [3][]{subsubsection.5.4.3}{\376\377\0005\000.\000\040\0004\000.\000\040\0003\000\040\210\145\215\047\116\016\133\232\116\367\173\126\165\145\117\030\123\026}{subsection.5.4}% 33
\BOOKMARK [2][]{subsection.5.5}{\376\377\0005\000.\000\040\0005\000\040\225\356\230\230\126\333\152\041\127\213\166\204\136\372\172\313\124\214\154\102\211\343}{section.5}% 34
\BOOKMARK [3][]{subsubsection.5.5.1}{\376\377\0005\000.\000\040\0005\000.\000\040\0001\000\040\155\210\215\071\200\005\210\114\116\072\145\160\143\156}{subsection.5.5}% 35
\BOOKMARK [3][]{subsubsection.5.5.2}{\376\377\0005\000.\000\040\0005\000.\000\040\0002\000\040\117\233\136\224\224\376\122\250\140\001\145\160\143\156}{subsection.5.5}% 36
\BOOKMARK [3][]{subsubsection.5.5.3}{\376\377\0005\000.\000\040\0005\000.\000\040\0003\000\040\136\002\127\072\172\336\116\211\145\160\143\156}{subsection.5.5}% 37
\BOOKMARK [3][]{subsubsection.5.5.4}{\376\377\0005\000.\000\040\0005\000.\000\040\0004\000\040\163\257\130\203\116\016\131\026\220\350\126\340\175\040\145\160\143\156}{subsection.5.5}% 38
\BOOKMARK [3][]{subsubsection.5.5.5}{\376\377\0005\000.\000\040\0005\000.\000\040\0005\000\040\215\050\221\317\116\016\143\137\200\027\145\160\143\156}{subsection.5.5}% 39
\BOOKMARK [2][]{subsection.5.6}{\376\377\0005\000.\000\040\0006\000\040\145\160\143\156\133\371\152\041\127\213\145\071\217\333\166\204\176\374\124\010\137\161\124\315}{section.5}% 40
\BOOKMARK [3][]{subsubsection.5.6.1}{\376\377\0005\000.\000\040\0006\000.\000\040\0001\000\040\176\323\213\272}{subsection.5.6}% 41
\BOOKMARK [1][]{section.6}{\376\377\121\155\060\001\000\040\152\041\127\213\166\204\213\304\116\367\060\001\145\071\217\333\116\016\143\250\136\177}{}% 42
\BOOKMARK [2][]{subsection.6.1}{\376\377\0006\000.\000\040\0001\000\040\152\041\127\213\166\204\117\030\160\271}{section.6}% 43
\BOOKMARK [2][]{subsection.6.2}{\376\377\0006\000.\000\040\0002\000\040\152\041\127\213\166\204\177\072\160\271}{section.6}% 44
\BOOKMARK [2][]{subsection.6.3}{\376\377\0006\000.\000\040\0003\000\040\152\041\127\213\166\204\145\071\217\333\145\271\124\021}{section.6}% 45
\BOOKMARK [2][]{subsection.6.4}{\376\377\0006\000.\000\040\0004\000\040\152\041\127\213\166\204\143\250\136\177\136\224\165\050}{section.6}% 46
\BOOKMARK [2][]{subsection.6.5}{\376\377\0006\000.\000\040\0005\000\040\176\323\213\272}{section.6}% 47
\BOOKMARK [1][]{section.7}{\376\377\116\003\060\001\000\040\123\302\200\003\145\207\163\056}{}% 48
\BOOKMARK [1][]{appendix.1.A}{\376\377\226\104\137\125\000\040\000A\000\040\145\057\144\221\147\120\145\231\122\027\210\150}{}% 49
\BOOKMARK [1][]{appendix.1.B}{\376\377\226\104\137\125\000\040\000B\000\040\226\104\122\240\116\343\170\001}{}% 50
